#
# A fatal error has been detected by the Java Runtime Environment:
#
#  SIGSEGV (0xb) at pc=0x00007f37606a60c7, pid=5769, tid=0x00007f3728c2b700
#
# JRE version: Java(TM) SE Runtime Environment (8.0_131-b11) (build 1.8.0_131-b11)
# Java VM: Java HotSpot(TM) 64-Bit Server VM (25.131-b11 mixed mode linux-amd64 compressed oops)
# Problematic frame:
# C  [libopencv_java320.so+0x350c7]  Java_org_opencv_core_Mat_nPutD+0x167
#
# Failed to write core dump. Core dumps have been disabled. To enable core dumping, try "ulimit -c unlimited" before starting Java again
#
# If you would like to submit a bug report, please visit:
#   http://bugreport.java.com/bugreport/crash.jsp
# The crash happened outside the Java Virtual Machine in native code.
# See problematic frame for where to report the bug.
#

---------------  T H R E A D  ---------------

Current thread (0x00007f3784391000):  JavaThread "AWT-EventQueue-0" [_thread_in_native, id=5792, stack(0x00007f3728b2b000,0x00007f3728c2c000)]

siginfo: si_signo: 11 (SIGSEGV), si_code: 1 (SEGV_MAPERR), si_addr: 0xffffffffd40a6bc0

Registers:
RAX=0x00000000ee8d1ba8, RBX=0x00007f37140a6b50, RCX=0x0000000042ff4005, RDX=0x0000000000000000
RSP=0x00007f3728c28250, RBP=0x0000000000000000, RSI=0xffffffffd40a6bc4, RDI=0x0000000000000001
R8 =0x0000000000000000, R9 =0xffff80c8bfffffe0, R10=0x00007f37750173c8, R11=0x0000000000000009
R12=0x0000000000000000, R13=0x0000000000000000, R14=0x00007f3760719f20, R15=0x00000000ffffff80
RIP=0x00007f37606a60c7, EFLAGS=0x0000000000010282, CSGSFS=0x0000000000000033, ERR=0x0000000000000007
  TRAPNO=0x000000000000000e

Top of Stack: (sp=0x00007f3728c28250)
0x00007f3728c28250:   ffffffffffffffff 00007f37843911f8
0x00007f3728c28260:   00000000ee8d1ba0 00000001ffffffff
0x00007f3728c28270:   0000000000000005 00007f3774550b40
0x00007f3728c28280:   00007f3728c28320 0000000000000000
0x00007f3728c28290:   00007f3774550b40 00007f3728c28368
0x00007f3728c282a0:   00007f3784391000 00007f37750173f4
0x00007f3728c282b0:   00007f3728c28340 00007f3774561170
0x00007f3728c282c0:   0000000000000000 00007f37745508e0
0x00007f3728c282d0:   0000000000000000 00007f3728c28300
0x00007f3728c282e0:   00007f3728c282e0 0000000000000000
0x00007f3728c282f0:   00007f3728c28368 00007f3774561170
0x00007f3728c28300:   0000000000000000 00007f3774550b40
0x00007f3728c28310:   0000000000000000 00007f3728c28340
0x00007f3728c28320:   00007f3728c283b0 00007f3775007d00
0x00007f3728c28330:   00000000ef1c6138 00007f3775011536
0x00007f3728c28340:   00000000ee8d1b90 0000000000000001
0x00007f3728c28350:   0000000000000000 00000000ffffffff
0x00007f3728c28360:   00007f37140a6b50 0000000000000001
0x00007f3728c28370:   00007f3728c28370 00007f377454d08c
0x00007f3728c28380:   00007f3728c283e0 00007f3774561170
0x00007f3728c28390:   0000000000000000 00007f377454d0e0
0x00007f3728c283a0:   00007f3728c28340 00007f3728c283c8
0x00007f3728c283b0:   00007f3728c28428 00007f3775007d00
0x00007f3728c283c0:   0000000000000005 00000000ee8d1b90
0x00007f3728c283d0:   0000000000000000 00000000ffffffff
0x00007f3728c283e0:   00000000ee8d1ab8 00007f3728c283e8
0x00007f3728c283f0:   00007f371bd00c40 00007f3728c28450
0x00007f3728c28400:   00007f371bd62fc0 0000000000000000
0x00007f3728c28410:   00007f371bd00cb8 00007f3728c283c8
0x00007f3728c28420:   00007f3728c28438 00007f3728c284a0
0x00007f3728c28430:   00007f37750082bd 0000000000000005
0x00007f3728c28440:   0000000000000009 0000000000000009 

Instructions: (pc=0x00007f37606a60c7)
0x00007f37606a60a7:   66 0f 1f 84 00 00 00 00 00 66 0f ef d2 83 c7 01
0x00007f37606a60b7:   83 ea 01 48 83 c0 08 48 83 c6 04 f2 0f 5a 50 f8
0x00007f37606a60c7:   f3 0f 11 56 fc 44 39 c7 7f 07 85 d2 7f db 0f 1f
0x00007f37606a60d7:   00 83 c5 01 85 d2 40 0f 9e c6 49 83 c5 01 44 39 

Register to memory mapping:

RAX=0x00000000ee8d1ba8 is an oop

[error occurred during error reporting (printing register info), id 0xb]

Stack: [0x00007f3728b2b000,0x00007f3728c2c000],  sp=0x00007f3728c28250,  free space=1012k
Native frames: (J=compiled Java code, j=interpreted, Vv=VM code, C=native code)
C  [libopencv_java320.so+0x350c7]  Java_org_opencv_core_Mat_nPutD+0x167

Java frames: (J=compiled Java code, j=interpreted, Vv=VM code)
j  org.opencv.core.Mat.nPutD(JIII[D)I+0
j  org.opencv.core.Mat.put(II[D)I+84
j  ImageProcessing$1.<init>(III)V+48
j  ImageProcessing.edgeDetection(Lorg/opencv/core/Mat;I)Lorg/opencv/core/Mat;+47
j  ImageFrame$12.actionPerformed(Ljava/awt/event/ActionEvent;)V+24
j  javax.swing.AbstractButton.fireActionPerformed(Ljava/awt/event/ActionEvent;)V+83
j  javax.swing.AbstractButton$Handler.actionPerformed(Ljava/awt/event/ActionEvent;)V+5
j  javax.swing.DefaultButtonModel.fireActionPerformed(Ljava/awt/event/ActionEvent;)V+34
j  javax.swing.DefaultButtonModel.setPressed(Z)V+117
j  javax.swing.plaf.basic.BasicButtonListener.mouseReleased(Ljava/awt/event/MouseEvent;)V+35
j  java.awt.Component.processMouseEvent(Ljava/awt/event/MouseEvent;)V+64
j  javax.swing.JComponent.processMouseEvent(Ljava/awt/event/MouseEvent;)V+23
j  java.awt.Component.processEvent(Ljava/awt/AWTEvent;)V+81
J 1127 C1 java.awt.Container.processEvent(Ljava/awt/AWTEvent;)V (22 bytes) @ 0x00007f37753dfa84 [0x00007f37753df760+0x324]
J 1107 C1 java.awt.Component.dispatchEventImpl(Ljava/awt/AWTEvent;)V (883 bytes) @ 0x00007f37753c3dfc [0x00007f37753be980+0x547c]
J 873 C1 java.awt.Container.dispatchEventImpl(Ljava/awt/AWTEvent;)V (129 bytes) @ 0x00007f37752da564 [0x00007f37752da420+0x144]
J 872 C1 java.awt.Component.dispatchEvent(Ljava/awt/AWTEvent;)V (6 bytes) @ 0x00007f37752db504 [0x00007f37752db400+0x104]
j  java.awt.LightweightDispatcher.retargetMouseEvent(Ljava/awt/Component;ILjava/awt/event/MouseEvent;)V+327
J 1337 C1 java.awt.LightweightDispatcher.processMouseEvent(Ljava/awt/event/MouseEvent;)Z (286 bytes) @ 0x00007f37754920fc [0x00007f3775490a00+0x16fc]
J 1115 C1 java.awt.LightweightDispatcher.dispatchEvent(Ljava/awt/AWTEvent;)Z (73 bytes) @ 0x00007f37753d2534 [0x00007f37753d2100+0x434]
J 873 C1 java.awt.Container.dispatchEventImpl(Ljava/awt/AWTEvent;)V (129 bytes) @ 0x00007f37752da504 [0x00007f37752da420+0xe4]
J 1083 C1 java.awt.Window.dispatchEventImpl(Ljava/awt/AWTEvent;)V (23 bytes) @ 0x00007f37753a4c84 [0x00007f37753a46a0+0x5e4]
J 1158 C1 java.awt.EventQueue.dispatchEventImpl(Ljava/awt/AWTEvent;Ljava/lang/Object;)V (149 bytes) @ 0x00007f37753ee3ac [0x00007f37753ecb80+0x182c]
J 1156 C1 java.awt.EventQueue$3.run()Ljava/lang/Void; (60 bytes) @ 0x00007f37753eafc4 [0x00007f37753eadc0+0x204]
J 1155 C1 java.awt.EventQueue$3.run()Ljava/lang/Object; (5 bytes) @ 0x00007f37753eaa4c [0x00007f37753ea9c0+0x8c]
v  ~StubRoutines::call_stub
J 624  java.security.AccessController.doPrivileged(Ljava/security/PrivilegedAction;Ljava/security/AccessControlContext;)Ljava/lang/Object; (0 bytes) @ 0x00007f377525a3e3 [0x00007f377525a380+0x63]
J 1287 C1 java.awt.EventQueue$4.run()Ljava/lang/Object; (5 bytes) @ 0x00007f377546d9a4 [0x00007f377546d580+0x424]
v  ~StubRoutines::call_stub
J 624  java.security.AccessController.doPrivileged(Ljava/security/PrivilegedAction;Ljava/security/AccessControlContext;)Ljava/lang/Object; (0 bytes) @ 0x00007f377525a3e3 [0x00007f377525a380+0x63]
J 932 C1 java.awt.EventQueue.dispatchEvent(Ljava/awt/AWTEvent;)V (80 bytes) @ 0x00007f3775301db4 [0x00007f3775300f40+0xe74]
J 941 C1 java.awt.EventDispatchThread.pumpOneEventForFilters(I)V (295 bytes) @ 0x00007f3775308f94 [0x00007f3775307440+0x1b54]
j  java.awt.EventDispatchThread.pumpEventsForFilter(ILjava/awt/Conditional;Ljava/awt/EventFilter;)V+35
j  java.awt.EventDispatchThread.pumpEventsForHierarchy(ILjava/awt/Conditional;Ljava/awt/Component;)V+11
j  java.awt.EventDispatchThread.pumpEvents(ILjava/awt/Conditional;)V+4
j  java.awt.EventDispatchThread.pumpEvents(Ljava/awt/Conditional;)V+3
j  java.awt.EventDispatchThread.run()V+9
v  ~StubRoutines::call_stub

---------------  P R O C E S S  ---------------

Java Threads: ( => current thread )
  0x00007f37140dd000 JavaThread "TimerQueue" daemon [_thread_blocked, id=5802, stack(0x00007f371baff000,0x00007f371bc00000)]
  0x00007f378400a000 JavaThread "DestroyJavaVM" [_thread_blocked, id=5770, stack(0x00007f378b4ea000,0x00007f378b5eb000)]
=>0x00007f3784391000 JavaThread "AWT-EventQueue-0" [_thread_in_native, id=5792, stack(0x00007f3728b2b000,0x00007f3728c2c000)]
  0x00007f378438f000 JavaThread "AWT-Shutdown" [_thread_blocked, id=5791, stack(0x00007f3728c2c000,0x00007f3728d2d000)]
  0x00007f3784346000 JavaThread "AWT-XAWT" daemon [_thread_in_native, id=5790, stack(0x00007f3728f2d000,0x00007f372902e000)]
  0x00007f3784323000 JavaThread "Java2D Disposer" daemon [_thread_blocked, id=5789, stack(0x00007f372943e000,0x00007f372953f000)]
  0x00007f37840c1000 JavaThread "Service Thread" daemon [_thread_blocked, id=5786, stack(0x00007f3760a46000,0x00007f3760b47000)]
  0x00007f37840be000 JavaThread "C1 CompilerThread2" daemon [_thread_blocked, id=5785, stack(0x00007f3760b47000,0x00007f3760c48000)]
  0x00007f37840bc000 JavaThread "C2 CompilerThread1" daemon [_thread_blocked, id=5784, stack(0x00007f3760c48000,0x00007f3760d49000)]
  0x00007f37840b9000 JavaThread "C2 CompilerThread0" daemon [_thread_blocked, id=5783, stack(0x00007f3760d49000,0x00007f3760e4a000)]
  0x00007f37840b7800 JavaThread "Signal Dispatcher" daemon [_thread_blocked, id=5782, stack(0x00007f3760e4a000,0x00007f3760f4b000)]
  0x00007f3784084000 JavaThread "Finalizer" daemon [_thread_blocked, id=5781, stack(0x00007f3761224000,0x00007f3761325000)]
  0x00007f378407f800 JavaThread "Reference Handler" daemon [_thread_blocked, id=5780, stack(0x00007f3761325000,0x00007f3761426000)]

Other Threads:
  0x00007f3784077800 VMThread [stack: 0x00007f3761426000,0x00007f3761527000] [id=5779]
  0x00007f37840c4000 WatcherThread [stack: 0x00007f3760945000,0x00007f3760a46000] [id=5787]

VM state:not at safepoint (normal execution)

VM Mutex/Monitor currently owned by a thread: None

Heap:
 PSYoungGen      total 16384K, used 7577K [0x00000000ee380000, 0x00000000ef580000, 0x0000000100000000)
  eden space 14336K, 38% used [0x00000000ee380000,0x00000000ee8ed5e8,0x00000000ef180000)
  from space 2048K, 98% used [0x00000000ef180000,0x00000000ef379038,0x00000000ef380000)
  to   space 2048K, 0% used [0x00000000ef380000,0x00000000ef380000,0x00000000ef580000)
 ParOldGen       total 36864K, used 2586K [0x00000000caa00000, 0x00000000cce00000, 0x00000000ee380000)
  object space 36864K, 7% used [0x00000000caa00000,0x00000000cac869f0,0x00000000cce00000)
 Metaspace       used 15444K, capacity 15668K, committed 15872K, reserved 1062912K
  class space    used 1899K, capacity 1965K, committed 2048K, reserved 1048576K

Card table byte_map: [0x00007f37880e1000,0x00007f378828d000] byte_map_base: 0x00007f3787a8c000

Marking Bits: (ParMarkBitMap*) 0x00007f378a9b8f60
 Begin Bits: [0x00007f3762550000, 0x00007f37632a8000)
 End Bits:   [0x00007f37632a8000, 0x00007f3764000000)

Polling page: 0x00007f378b608000

CodeCache: size=245760Kb used=4772Kb max_used=4772Kb free=240987Kb
 bounds [0x00007f3775000000, 0x00007f37754b0000, 0x00007f3784000000]
 total_blobs=2101 nmethods=1354 adapters=661
 compilation: enabled

Compilation events (10 events):
Event: 11,657 Thread 0x00007f37840be000 1346       3       java.util.Locale::getCountry (8 bytes)
Event: 11,657 Thread 0x00007f37840be000 nmethod 1346 0x00007f3775497f90 code [0x00007f3775498100, 0x00007f37754982f0]
Event: 11,663 Thread 0x00007f37840be000 1348       3       java.nio.Buffer::checkIndex (22 bytes)
Event: 11,664 Thread 0x00007f37840be000 nmethod 1348 0x00007f3775498390 code [0x00007f3775498500, 0x00007f3775498788]
Event: 11,664 Thread 0x00007f37840be000 1349       3       java.nio.DirectLongBufferU::ix (10 bytes)
Event: 11,664 Thread 0x00007f37840be000 nmethod 1349 0x00007f3775498890 code [0x00007f37754989e0, 0x00007f3775498b50]
Event: 11,735 Thread 0x00007f37840be000 1350       3       java.util.Locale::hasExtensions (13 bytes)
Event: 11,735 Thread 0x00007f37840be000 nmethod 1350 0x00007f37754a7fd0 code [0x00007f37754a8140, 0x00007f37754a82f0]
Event: 11,751 Thread 0x00007f37840be000 1352       3       java.util.Formatter$FormatSpecifier::checkDateTime (139 bytes)
Event: 11,754 Thread 0x00007f37840be000 nmethod 1352 0x00007f37754a86d0 code [0x00007f37754a89c0, 0x00007f37754aa0d8]

GC Heap History (2 events):
Event: 9,750 GC heap before
{Heap before GC invocations=1 (full 0):
 PSYoungGen      total 16384K, used 14336K [0x00000000ee380000, 0x00000000ef580000, 0x0000000100000000)
  eden space 14336K, 100% used [0x00000000ee380000,0x00000000ef180000,0x00000000ef180000)
  from space 2048K, 0% used [0x00000000ef380000,0x00000000ef380000,0x00000000ef580000)
  to   space 2048K, 0% used [0x00000000ef180000,0x00000000ef180000,0x00000000ef380000)
 ParOldGen       total 36864K, used 0K [0x00000000caa00000, 0x00000000cce00000, 0x00000000ee380000)
  object space 36864K, 0% used [0x00000000caa00000,0x00000000caa00000,0x00000000cce00000)
 Metaspace       used 15190K, capacity 15412K, committed 15616K, reserved 1062912K
  class space    used 1894K, capacity 1965K, committed 2048K, reserved 1048576K
Event: 9,774 GC heap after
Heap after GC invocations=1 (full 0):
 PSYoungGen      total 16384K, used 2020K [0x00000000ee380000, 0x00000000ef580000, 0x0000000100000000)
  eden space 14336K, 0% used [0x00000000ee380000,0x00000000ee380000,0x00000000ef180000)
  from space 2048K, 98% used [0x00000000ef180000,0x00000000ef379038,0x00000000ef380000)
  to   space 2048K, 0% used [0x00000000ef380000,0x00000000ef380000,0x00000000ef580000)
 ParOldGen       total 36864K, used 2586K [0x00000000caa00000, 0x00000000cce00000, 0x00000000ee380000)
  object space 36864K, 7% used [0x00000000caa00000,0x00000000cac869f0,0x00000000cce00000)
 Metaspace       used 15190K, capacity 15412K, committed 15616K, reserved 1062912K
  class space    used 1894K, capacity 1965K, committed 2048K, reserved 1048576K
}

Deoptimization events (6 events):
Event: 5,074 Thread 0x00007f3784391000 Uncommon trap: reason=class_check action=maybe_recompile pc=0x00007f377517b9f0 method=java.lang.String.equals(Ljava/lang/Object;)Z @ 8
Event: 5,074 Thread 0x00007f3784391000 Uncommon trap: reason=class_check action=maybe_recompile pc=0x00007f377517b9f0 method=java.lang.String.equals(Ljava/lang/Object;)Z @ 8
Event: 5,074 Thread 0x00007f3784391000 Uncommon trap: reason=class_check action=maybe_recompile pc=0x00007f377517b9f0 method=java.lang.String.equals(Ljava/lang/Object;)Z @ 8
Event: 5,847 Thread 0x00007f3784391000 Uncommon trap: reason=class_check action=maybe_recompile pc=0x00007f377517b9f0 method=java.lang.String.equals(Ljava/lang/Object;)Z @ 8
Event: 7,996 Thread 0x00007f37140ea800 Uncommon trap: reason=unstable_if action=reinterpret pc=0x00007f37752abda0 method=java.lang.CharacterData.of(I)Ljava/lang/CharacterData; @ 4
Event: 9,878 Thread 0x00007f3784391000 Uncommon trap: reason=unstable_if action=reinterpret pc=0x00007f3775451c04 method=sun.awt.image.OffScreenImageSource.sendPixels()V @ 663

Internal exceptions (10 events):
Event: 0,411 Thread 0x00007f378400a000 Exception <a 'java/security/PrivilegedActionException'> (0x00000000ee4a35d0) thrown at [/HUDSON/workspace/8-2-build-linux-amd64/jdk8u131/8869/hotspot/src/share/vm/prims/jvm.cpp, line 1390]
Event: 0,411 Thread 0x00007f378400a000 Exception <a 'java/security/PrivilegedActionException'> (0x00000000ee4a37e0) thrown at [/HUDSON/workspace/8-2-build-linux-amd64/jdk8u131/8869/hotspot/src/share/vm/prims/jvm.cpp, line 1390]
Event: 0,419 Thread 0x00007f378400a000 Exception <a 'java/security/PrivilegedActionException'> (0x00000000ee4a5ee0) thrown at [/HUDSON/workspace/8-2-build-linux-amd64/jdk8u131/8869/hotspot/src/share/vm/prims/jvm.cpp, line 1390]
Event: 0,419 Thread 0x00007f378400a000 Exception <a 'java/security/PrivilegedActionException'> (0x00000000ee4a60f0) thrown at [/HUDSON/workspace/8-2-build-linux-amd64/jdk8u131/8869/hotspot/src/share/vm/prims/jvm.cpp, line 1390]
Event: 0,672 Thread 0x00007f378400a000 Exception <a 'java/lang/NoSuchFieldError': method resolution failed> (0x00000000ee5dbfe8) thrown at [/HUDSON/workspace/8-2-build-linux-amd64/jdk8u131/8869/hotspot/src/share/vm/prims/methodHandles.cpp, line 1146]
Event: 0,678 Thread 0x00007f378400a000 Exception <a 'java/lang/NoSuchFieldError': method resolution failed> (0x00000000ee5e97b8) thrown at [/HUDSON/workspace/8-2-build-linux-amd64/jdk8u131/8869/hotspot/src/share/vm/prims/methodHandles.cpp, line 1146]
Event: 0,750 Thread 0x00007f378400a000 Exception <a 'java/io/FileNotFoundException'> (0x00000000ee66a010) thrown at [/HUDSON/workspace/8-2-build-linux-amd64/jdk8u131/8869/hotspot/src/share/vm/prims/jni.cpp, line 709]
Event: 0,750 Thread 0x00007f378400a000 Exception <a 'java/io/FileNotFoundException'> (0x00000000ee66aa08) thrown at [/HUDSON/workspace/8-2-build-linux-amd64/jdk8u131/8869/hotspot/src/share/vm/prims/jni.cpp, line 709]
Event: 1,830 Thread 0x00007f3784391000 Exception <a 'java/lang/UnsupportedOperationException': > (0x00000000ee9345b8) thrown at [/HUDSON/workspace/8-2-build-linux-amd64/jdk8u131/8869/hotspot/src/share/vm/prims/jni.cpp, line 735]
Event: 6,210 Thread 0x00007f3784391000 Exception <a 'java/lang/UnsupportedOperationException': > (0x00000000eec14e98) thrown at [/HUDSON/workspace/8-2-build-linux-amd64/jdk8u131/8869/hotspot/src/share/vm/prims/jni.cpp, line 735]

Events (10 events):
Event: 11,653 loading class org/opencv/imgproc/Imgproc
Event: 11,653 loading class org/opencv/imgproc/Imgproc done
Event: 11,660 loading class org/opencv/core/MatOfFloat
Event: 11,660 loading class org/opencv/core/MatOfFloat done
Event: 11,661 loading class org/opencv/core/MatOfPoint
Event: 11,661 loading class org/opencv/core/MatOfPoint done
Event: 11,662 loading class org/opencv/core/MatOfInt4
Event: 11,662 loading class org/opencv/core/MatOfInt4 done
Event: 11,663 loading class org/opencv/core/MatOfPoint2f
Event: 11,663 loading class org/opencv/core/MatOfPoint2f done


Dynamic libraries:
00400000-00401000 r-xp 00000000 08:05 143690                             /usr/lib/jvm/java-8-oracle/bin/java
00600000-00601000 rw-p 00000000 08:05 143690                             /usr/lib/jvm/java-8-oracle/bin/java
00811000-00832000 rw-p 00000000 00:00 0                                  [heap]
caa00000-cce00000 rw-p 00000000 00:00 0 
cce00000-ee380000 ---p 00000000 00:00 0 
ee380000-ef580000 rw-p 00000000 00:00 0 
ef580000-100000000 ---p 00000000 00:00 0 
100000000-100200000 rw-p 00000000 00:00 0 
100200000-140000000 ---p 00000000 00:00 0 
7f36e8000000-7f36e8021000 rw-p 00000000 00:00 0 
7f36e8021000-7f36ec000000 ---p 00000000 00:00 0 
7f36f0000000-7f36f0021000 rw-p 00000000 00:00 0 
7f36f0021000-7f36f4000000 ---p 00000000 00:00 0 
7f36f77ff000-7f36f7800000 ---p 00000000 00:00 0 
7f36f7800000-7f36f8000000 rwxp 00000000 00:00 0 
7f36f8000000-7f36f8021000 rw-p 00000000 00:00 0 
7f36f8021000-7f36fc000000 ---p 00000000 00:00 0 
7f36fc000000-7f36fc021000 rw-p 00000000 00:00 0 
7f36fc021000-7f3700000000 ---p 00000000 00:00 0 
7f3700000000-7f3700021000 rw-p 00000000 00:00 0 
7f3700021000-7f3704000000 ---p 00000000 00:00 0 
7f3704000000-7f3704021000 rw-p 00000000 00:00 0 
7f3704021000-7f3708000000 ---p 00000000 00:00 0 
7f3708000000-7f3708021000 rw-p 00000000 00:00 0 
7f3708021000-7f370c000000 ---p 00000000 00:00 0 
7f370c000000-7f370c021000 rw-p 00000000 00:00 0 
7f370c021000-7f3710000000 ---p 00000000 00:00 0 
7f3710000000-7f3710021000 rw-p 00000000 00:00 0 
7f3710021000-7f3714000000 ---p 00000000 00:00 0 
7f3714000000-7f3714503000 rw-p 00000000 00:00 0 
7f3714503000-7f3718000000 ---p 00000000 00:00 0 
7f371815a000-7f371815b000 ---p 00000000 00:00 0 
7f371815b000-7f371895b000 rwxp 00000000 00:00 0 
7f371895b000-7f371895c000 ---p 00000000 00:00 0 
7f371895c000-7f371915c000 rwxp 00000000 00:00 0 
7f371915c000-7f371915d000 ---p 00000000 00:00 0 
7f371915d000-7f371995d000 rwxp 00000000 00:00 0 
7f371995d000-7f371995e000 ---p 00000000 00:00 0 
7f371995e000-7f371a15e000 rwxp 00000000 00:00 0 
7f371a15e000-7f371a15f000 ---p 00000000 00:00 0 
7f371a15f000-7f371a95f000 rwxp 00000000 00:00 0 
7f371a95f000-7f371a960000 ---p 00000000 00:00 0 
7f371a960000-7f371b160000 rwxp 00000000 00:00 0 
7f371b160000-7f371b161000 ---p 00000000 00:00 0 
7f371b161000-7f371b961000 rwxp 00000000 00:00 0 
7f371b961000-7f371b9fe000 rw-s 00000000 00:05 3932180                    /SYSV00000000 (deleted)
7f371b9fe000-7f371ba01000 ---p 00000000 00:00 0 
7f371ba01000-7f371baff000 rwxp 00000000 00:00 0 
7f371baff000-7f371bb02000 ---p 00000000 00:00 0 
7f371bb02000-7f371bc00000 rwxp 00000000 00:00 0 
7f371bc00000-7f371bd80000 rw-p 00000000 00:00 0 
7f371bd80000-7f371be00000 ---p 00000000 00:00 0 
7f371be00000-7f371c000000 rw-p 00000000 00:00 0 
7f371c000000-7f371c029000 rw-p 00000000 00:00 0 
7f371c029000-7f3720000000 ---p 00000000 00:00 0 
7f3720000000-7f3720021000 rw-p 00000000 00:00 0 
7f3720021000-7f3724000000 ---p 00000000 00:00 0 
7f3724000000-7f3724021000 rw-p 00000000 00:00 0 
7f3724021000-7f3728000000 ---p 00000000 00:00 0 
7f3728081000-7f3728084000 ---p 00000000 00:00 0 
7f3728084000-7f3728182000 rwxp 00000000 00:00 0 
7f3728182000-7f37281eb000 r-xp 00000000 08:05 152862                     /usr/lib/jvm/java-8-oracle/jre/lib/amd64/libt2k.so
7f37281eb000-7f37283eb000 ---p 00069000 08:05 152862                     /usr/lib/jvm/java-8-oracle/jre/lib/amd64/libt2k.so
7f37283eb000-7f37283f2000 rw-p 00069000 08:05 152862                     /usr/lib/jvm/java-8-oracle/jre/lib/amd64/libt2k.so
7f37283f2000-7f3728402000 rw-p 00000000 00:00 0 
7f3728402000-7f3728413000 r-xp 00000000 08:05 152902                     /usr/lib/jvm/java-8-oracle/jre/lib/amd64/libnio.so
7f3728413000-7f3728612000 ---p 00011000 08:05 152902                     /usr/lib/jvm/java-8-oracle/jre/lib/amd64/libnio.so
7f3728612000-7f3728613000 rw-p 00010000 08:05 152902                     /usr/lib/jvm/java-8-oracle/jre/lib/amd64/libnio.so
7f3728613000-7f3728914000 rw-p 00000000 00:00 0 
7f3728914000-7f372892a000 r-xp 00000000 08:05 152899                     /usr/lib/jvm/java-8-oracle/jre/lib/amd64/libnet.so
7f372892a000-7f3728b2a000 ---p 00016000 08:05 152899                     /usr/lib/jvm/java-8-oracle/jre/lib/amd64/libnet.so
7f3728b2a000-7f3728b2b000 rw-p 00016000 08:05 152899                     /usr/lib/jvm/java-8-oracle/jre/lib/amd64/libnet.so
7f3728b2b000-7f3728b2e000 ---p 00000000 00:00 0 
7f3728b2e000-7f3728c2c000 rwxp 00000000 00:00 0 
7f3728c2c000-7f3728c2f000 ---p 00000000 00:00 0 
7f3728c2f000-7f3728d2d000 rwxp 00000000 00:00 0 
7f3728d2d000-7f3728f2d000 rw-p 00000000 00:00 0 
7f3728f2d000-7f3728f30000 ---p 00000000 00:00 0 
7f3728f30000-7f372902e000 rwxp 00000000 00:00 0 
7f372902e000-7f3729033000 r-xp 00000000 08:05 12049                      /usr/lib/x86_64-linux-gnu/libXfixes.so.3.1.0
7f3729033000-7f3729232000 ---p 00005000 08:05 12049                      /usr/lib/x86_64-linux-gnu/libXfixes.so.3.1.0
7f3729232000-7f3729233000 r--p 00004000 08:05 12049                      /usr/lib/x86_64-linux-gnu/libXfixes.so.3.1.0
7f3729233000-7f3729234000 rw-p 00005000 08:05 12049                      /usr/lib/x86_64-linux-gnu/libXfixes.so.3.1.0
7f3729234000-7f372923d000 r-xp 00000000 08:05 12041                      /usr/lib/x86_64-linux-gnu/libXcursor.so.1.0.2
7f372923d000-7f372943c000 ---p 00009000 08:05 12041                      /usr/lib/x86_64-linux-gnu/libXcursor.so.1.0.2
7f372943c000-7f372943d000 r--p 00008000 08:05 12041                      /usr/lib/x86_64-linux-gnu/libXcursor.so.1.0.2
7f372943d000-7f372943e000 rw-p 00009000 08:05 12041                      /usr/lib/x86_64-linux-gnu/libXcursor.so.1.0.2
7f372943e000-7f3729441000 ---p 00000000 00:00 0 
7f3729441000-7f372953f000 rwxp 00000000 00:00 0 
7f372953f000-7f37295a4000 r-xp 00000000 08:05 152880                     /usr/lib/jvm/java-8-oracle/jre/lib/amd64/libfontmanager.so
7f37295a4000-7f37297a3000 ---p 00065000 08:05 152880                     /usr/lib/jvm/java-8-oracle/jre/lib/amd64/libfontmanager.so
7f37297a3000-7f37297a8000 rw-p 00064000 08:05 152880                     /usr/lib/jvm/java-8-oracle/jre/lib/amd64/libfontmanager.so
7f37297a8000-7f37297b8000 rw-p 00000000 00:00 0 
7f37297b8000-7f37297bd000 r-xp 00000000 08:05 12045                      /usr/lib/x86_64-linux-gnu/libXdmcp.so.6.0.0
7f37297bd000-7f37299bc000 ---p 00005000 08:05 12045                      /usr/lib/x86_64-linux-gnu/libXdmcp.so.6.0.0
7f37299bc000-7f37299bd000 r--p 00004000 08:05 12045                      /usr/lib/x86_64-linux-gnu/libXdmcp.so.6.0.0
7f37299bd000-7f37299be000 rw-p 00005000 08:05 12045                      /usr/lib/x86_64-linux-gnu/libXdmcp.so.6.0.0
7f37299be000-7f37299c0000 r-xp 00000000 08:05 12034                      /usr/lib/x86_64-linux-gnu/libXau.so.6.0.0
7f37299c0000-7f3729bc0000 ---p 00002000 08:05 12034                      /usr/lib/x86_64-linux-gnu/libXau.so.6.0.0
7f3729bc0000-7f3729bc1000 r--p 00002000 08:05 12034                      /usr/lib/x86_64-linux-gnu/libXau.so.6.0.0
7f3729bc1000-7f3729bc2000 rw-p 00003000 08:05 12034                      /usr/lib/x86_64-linux-gnu/libXau.so.6.0.0
7f3729bc2000-7f3729be3000 r-xp 00000000 08:05 13412                      /usr/lib/x86_64-linux-gnu/libxcb.so.1.1.0
7f3729be3000-7f3729de2000 ---p 00021000 08:05 13412                      /usr/lib/x86_64-linux-gnu/libxcb.so.1.1.0
7f3729de2000-7f3729de3000 r--p 00020000 08:05 13412                      /usr/lib/x86_64-linux-gnu/libxcb.so.1.1.0
7f3729de3000-7f3729de4000 rw-p 00021000 08:05 13412                      /usr/lib/x86_64-linux-gnu/libxcb.so.1.1.0
7f3729de4000-7f3729df3000 r-xp 00000000 08:05 12055                      /usr/lib/x86_64-linux-gnu/libXi.so.6.1.0
7f3729df3000-7f3729ff2000 ---p 0000f000 08:05 12055                      /usr/lib/x86_64-linux-gnu/libXi.so.6.1.0
7f3729ff2000-7f3729ff3000 r--p 0000e000 08:05 12055                      /usr/lib/x86_64-linux-gnu/libXi.so.6.1.0
7f3729ff3000-7f3729ff4000 rw-p 0000f000 08:05 12055                      /usr/lib/x86_64-linux-gnu/libXi.so.6.1.0
7f3729ff4000-7f3729ff9000 r-xp 00000000 08:05 12073                      /usr/lib/x86_64-linux-gnu/libXtst.so.6.1.0
7f3729ff9000-7f372a1f8000 ---p 00005000 08:05 12073                      /usr/lib/x86_64-linux-gnu/libXtst.so.6.1.0
7f372a1f8000-7f372a1f9000 r--p 00004000 08:05 12073                      /usr/lib/x86_64-linux-gnu/libXtst.so.6.1.0
7f372a1f9000-7f372a1fa000 rw-p 00005000 08:05 12073                      /usr/lib/x86_64-linux-gnu/libXtst.so.6.1.0
7f372a1fa000-7f372a203000 r-xp 00000000 08:05 12067                      /usr/lib/x86_64-linux-gnu/libXrender.so.1.3.0
7f372a203000-7f372a402000 ---p 00009000 08:05 12067                      /usr/lib/x86_64-linux-gnu/libXrender.so.1.3.0
7f372a402000-7f372a403000 r--p 00008000 08:05 12067                      /usr/lib/x86_64-linux-gnu/libXrender.so.1.3.0
7f372a403000-7f372a404000 rw-p 00009000 08:05 12067                      /usr/lib/x86_64-linux-gnu/libXrender.so.1.3.0
7f372a404000-7f372a539000 r-xp 00000000 08:05 12030                      /usr/lib/x86_64-linux-gnu/libX11.so.6.3.0
7f372a539000-7f372a739000 ---p 00135000 08:05 12030                      /usr/lib/x86_64-linux-gnu/libX11.so.6.3.0
7f372a739000-7f372a73a000 r--p 00135000 08:05 12030                      /usr/lib/x86_64-linux-gnu/libX11.so.6.3.0
7f372a73a000-7f372a73e000 rw-p 00136000 08:05 12030                      /usr/lib/x86_64-linux-gnu/libX11.so.6.3.0
7f372a73e000-7f372a74f000 r-xp 00000000 08:05 12047                      /usr/lib/x86_64-linux-gnu/libXext.so.6.4.0
7f372a74f000-7f372a94e000 ---p 00011000 08:05 12047                      /usr/lib/x86_64-linux-gnu/libXext.so.6.4.0
7f372a94e000-7f372a94f000 r--p 00010000 08:05 12047                      /usr/lib/x86_64-linux-gnu/libXext.so.6.4.0
7f372a94f000-7f372a950000 rw-p 00011000 08:05 12047                      /usr/lib/x86_64-linux-gnu/libXext.so.6.4.0
7f372a957000-7f372a96a000 r--s 00345000 08:05 152630                     /usr/lib/jvm/java-8-oracle/jre/lib/resources.jar
7f372a96a000-7f372a9be000 r-xp 00000000 08:05 152906                     /usr/lib/jvm/java-8-oracle/jre/lib/amd64/libawt_xawt.so
7f372a9be000-7f372abbe000 ---p 00054000 08:05 152906                     /usr/lib/jvm/java-8-oracle/jre/lib/amd64/libawt_xawt.so
7f372abbe000-7f372abc2000 rw-p 00054000 08:05 152906                     /usr/lib/jvm/java-8-oracle/jre/lib/amd64/libawt_xawt.so
7f372abc2000-7f372abc3000 rw-p 00000000 00:00 0 
7f372abc3000-7f372ac65000 r-xp 00000000 08:05 152892                     /usr/lib/jvm/java-8-oracle/jre/lib/amd64/libawt.so
7f372ac65000-7f372ae65000 ---p 000a2000 08:05 152892                     /usr/lib/jvm/java-8-oracle/jre/lib/amd64/libawt.so
7f372ae65000-7f372ae71000 rw-p 000a2000 08:05 152892                     /usr/lib/jvm/java-8-oracle/jre/lib/amd64/libawt.so
7f372ae71000-7f372ae95000 rw-p 00000000 00:00 0 
7f372ae95000-7f372c74b000 r-xp 00000000 08:05 7341                       /usr/lib/x86_64-linux-gnu/libicudata.so.55.1
7f372c74b000-7f372c94a000 ---p 018b6000 08:05 7341                       /usr/lib/x86_64-linux-gnu/libicudata.so.55.1
7f372c94a000-7f372c94b000 r--p 018b5000 08:05 7341                       /usr/lib/x86_64-linux-gnu/libicudata.so.55.1
7f372c94b000-7f372c94c000 rw-p 018b6000 08:05 7341                       /usr/lib/x86_64-linux-gnu/libicudata.so.55.1
7f372c94c000-7f372c963000 r-xp 00000000 08:05 280783                     /lib/x86_64-linux-gnu/libresolv-2.23.so
7f372c963000-7f372cb63000 ---p 00017000 08:05 280783                     /lib/x86_64-linux-gnu/libresolv-2.23.so
7f372cb63000-7f372cb64000 r--p 00017000 08:05 280783                     /lib/x86_64-linux-gnu/libresolv-2.23.so
7f372cb64000-7f372cb65000 rw-p 00018000 08:05 280783                     /lib/x86_64-linux-gnu/libresolv-2.23.so
7f372cb65000-7f372cb67000 rw-p 00000000 00:00 0 
7f372cb67000-7f372cb6a000 r-xp 00000000 08:05 267148                     /lib/x86_64-linux-gnu/libkeyutils.so.1.5
7f372cb6a000-7f372cd69000 ---p 00003000 08:05 267148                     /lib/x86_64-linux-gnu/libkeyutils.so.1.5
7f372cd69000-7f372cd6a000 r--p 00002000 08:05 267148                     /lib/x86_64-linux-gnu/libkeyutils.so.1.5
7f372cd6a000-7f372cd6b000 rw-p 00003000 08:05 267148                     /lib/x86_64-linux-gnu/libkeyutils.so.1.5
7f372cd6b000-7f372cd72000 r-xp 00000000 08:05 12417                      /usr/lib/x86_64-linux-gnu/libffi.so.6.0.4
7f372cd72000-7f372cf71000 ---p 00007000 08:05 12417                      /usr/lib/x86_64-linux-gnu/libffi.so.6.0.4
7f372cf71000-7f372cf72000 r--p 00006000 08:05 12417                      /usr/lib/x86_64-linux-gnu/libffi.so.6.0.4
7f372cf72000-7f372cf73000 rw-p 00007000 08:05 12417                      /usr/lib/x86_64-linux-gnu/libffi.so.6.0.4
7f372cf73000-7f372cf99000 r-xp 00000000 08:05 267118                     /lib/x86_64-linux-gnu/libexpat.so.1.6.0
7f372cf99000-7f372d199000 ---p 00026000 08:05 267118                     /lib/x86_64-linux-gnu/libexpat.so.1.6.0
7f372d199000-7f372d19b000 r--p 00026000 08:05 267118                     /lib/x86_64-linux-gnu/libexpat.so.1.6.0
7f372d19b000-7f372d19c000 rw-p 00028000 08:05 267118                     /lib/x86_64-linux-gnu/libexpat.so.1.6.0
7f372d19c000-7f372d31b000 r-xp 00000000 08:05 7343                       /usr/lib/x86_64-linux-gnu/libicuuc.so.55.1
7f372d31b000-7f372d51b000 ---p 0017f000 08:05 7343                       /usr/lib/x86_64-linux-gnu/libicuuc.so.55.1
7f372d51b000-7f372d52b000 r--p 0017f000 08:05 7343                       /usr/lib/x86_64-linux-gnu/libicuuc.so.55.1
7f372d52b000-7f372d52c000 rw-p 0018f000 08:05 7343                       /usr/lib/x86_64-linux-gnu/libicuuc.so.55.1
7f372d52c000-7f372d530000 rw-p 00000000 00:00 0 
7f372d530000-7f372d53a000 r-xp 00000000 08:05 4038                       /usr/lib/x86_64-linux-gnu/libkrb5support.so.0.1
7f372d53a000-7f372d739000 ---p 0000a000 08:05 4038                       /usr/lib/x86_64-linux-gnu/libkrb5support.so.0.1
7f372d739000-7f372d73a000 r--p 00009000 08:05 4038                       /usr/lib/x86_64-linux-gnu/libkrb5support.so.0.1
7f372d73a000-7f372d73b000 rw-p 0000a000 08:05 4038                       /usr/lib/x86_64-linux-gnu/libkrb5support.so.0.1
7f372d73b000-7f372d73e000 r-xp 00000000 08:05 267096                     /lib/x86_64-linux-gnu/libcom_err.so.2.1
7f372d73e000-7f372d93d000 ---p 00003000 08:05 267096                     /lib/x86_64-linux-gnu/libcom_err.so.2.1
7f372d93d000-7f372d93e000 r--p 00002000 08:05 267096                     /lib/x86_64-linux-gnu/libcom_err.so.2.1
7f372d93e000-7f372d93f000 rw-p 00003000 08:05 267096                     /lib/x86_64-linux-gnu/libcom_err.so.2.1
7f372d93f000-7f372d96b000 r-xp 00000000 08:05 4778                       /usr/lib/x86_64-linux-gnu/libk5crypto.so.3.1
7f372d96b000-7f372db6a000 ---p 0002c000 08:05 4778                       /usr/lib/x86_64-linux-gnu/libk5crypto.so.3.1
7f372db6a000-7f372db6c000 r--p 0002b000 08:05 4778                       /usr/lib/x86_64-linux-gnu/libk5crypto.so.3.1
7f372db6c000-7f372db6d000 rw-p 0002d000 08:05 4778                       /usr/lib/x86_64-linux-gnu/libk5crypto.so.3.1
7f372db6d000-7f372db6e000 rw-p 00000000 00:00 0 
7f372db6e000-7f372dc31000 r-xp 00000000 08:05 4036                       /usr/lib/x86_64-linux-gnu/libkrb5.so.3.3
7f372dc31000-7f372de31000 ---p 000c3000 08:05 4036                       /usr/lib/x86_64-linux-gnu/libkrb5.so.3.3
7f372de31000-7f372de3e000 r--p 000c3000 08:05 4036                       /usr/lib/x86_64-linux-gnu/libkrb5.so.3.3
7f372de3e000-7f372de40000 rw-p 000d0000 08:05 4036                       /usr/lib/x86_64-linux-gnu/libkrb5.so.3.3
7f372de40000-7f372de52000 r-xp 00000000 08:05 267131                     /lib/x86_64-linux-gnu/libgpg-error.so.0.17.0
7f372de52000-7f372e052000 ---p 00012000 08:05 267131                     /lib/x86_64-linux-gnu/libgpg-error.so.0.17.0
7f372e052000-7f372e053000 r--p 00012000 08:05 267131                     /lib/x86_64-linux-gnu/libgpg-error.so.0.17.0
7f372e053000-7f372e054000 rw-p 00013000 08:05 267131                     /lib/x86_64-linux-gnu/libgpg-error.so.0.17.0
7f372e054000-7f372e075000 r-xp 00000000 08:05 441                        /usr/lib/x86_64-linux-gnu/libgomp.so.1.0.0
7f372e075000-7f372e274000 ---p 00021000 08:05 441                        /usr/lib/x86_64-linux-gnu/libgomp.so.1.0.0
7f372e274000-7f372e275000 r--p 00020000 08:05 441                        /usr/lib/x86_64-linux-gnu/libgomp.so.1.0.0
7f372e275000-7f372e276000 rw-p 00021000 08:05 441                        /usr/lib/x86_64-linux-gnu/libgomp.so.1.0.0
7f372e276000-7f372e287000 r-xp 00000000 08:05 13178                      /usr/lib/x86_64-linux-gnu/libtasn1.so.6.5.1
7f372e287000-7f372e487000 ---p 00011000 08:05 13178                      /usr/lib/x86_64-linux-gnu/libtasn1.so.6.5.1
7f372e487000-7f372e488000 r--p 00011000 08:05 13178                      /usr/lib/x86_64-linux-gnu/libtasn1.so.6.5.1
7f372e488000-7f372e489000 rw-p 00012000 08:05 13178                      /usr/lib/x86_64-linux-gnu/libtasn1.so.6.5.1
7f372e489000-7f372e4ba000 r-xp 00000000 08:05 353                        /usr/lib/x86_64-linux-gnu/libidn.so.11.6.15
7f372e4ba000-7f372e6ba000 ---p 00031000 08:05 353                        /usr/lib/x86_64-linux-gnu/libidn.so.11.6.15
7f372e6ba000-7f372e6bb000 r--p 00031000 08:05 353                        /usr/lib/x86_64-linux-gnu/libidn.so.11.6.15
7f372e6bb000-7f372e6bc000 rw-p 00032000 08:05 353                        /usr/lib/x86_64-linux-gnu/libidn.so.11.6.15
7f372e6bc000-7f372e715000 r-xp 00000000 08:05 289                        /usr/lib/x86_64-linux-gnu/libp11-kit.so.0.1.0
7f372e715000-7f372e914000 ---p 00059000 08:05 289                        /usr/lib/x86_64-linux-gnu/libp11-kit.so.0.1.0
7f372e914000-7f372e91e000 r--p 00058000 08:05 289                        /usr/lib/x86_64-linux-gnu/libp11-kit.so.0.1.0
7f372e91e000-7f372e920000 rw-p 00062000 08:05 289                        /usr/lib/x86_64-linux-gnu/libp11-kit.so.0.1.0
7f372e920000-7f372e9c4000 r-xp 00000000 08:05 239                        /usr/lib/x86_64-linux-gnu/libfreetype.so.6.12.1
7f372e9c4000-7f372ebc3000 ---p 000a4000 08:05 239                        /usr/lib/x86_64-linux-gnu/libfreetype.so.6.12.1
7f372ebc3000-7f372ebc9000 r--p 000a3000 08:05 239                        /usr/lib/x86_64-linux-gnu/libfreetype.so.6.12.1
7f372ebc9000-7f372ebca000 rw-p 000a9000 08:05 239                        /usr/lib/x86_64-linux-gnu/libfreetype.so.6.12.1
7f372ebca000-7f372ec07000 r-xp 00000000 08:05 165                        /usr/lib/x86_64-linux-gnu/libfontconfig.so.1.9.0
7f372ec07000-7f372ee06000 ---p 0003d000 08:05 165                        /usr/lib/x86_64-linux-gnu/libfontconfig.so.1.9.0
7f372ee06000-7f372ee08000 r--p 0003c000 08:05 165                        /usr/lib/x86_64-linux-gnu/libfontconfig.so.1.9.0
7f372ee08000-7f372ee0d000 rw-p 0003e000 08:05 165                        /usr/lib/x86_64-linux-gnu/libfontconfig.so.1.9.0
7f372ee0d000-7f372efbe000 r-xp 00000000 08:05 332                        /usr/lib/x86_64-linux-gnu/libxml2.so.2.9.3
7f372efbe000-7f372f1bd000 ---p 001b1000 08:05 332                        /usr/lib/x86_64-linux-gnu/libxml2.so.2.9.3
7f372f1bd000-7f372f1c5000 r--p 001b0000 08:05 332                        /usr/lib/x86_64-linux-gnu/libxml2.so.2.9.3
7f372f1c5000-7f372f1c7000 rw-p 001b8000 08:05 332                        /usr/lib/x86_64-linux-gnu/libxml2.so.2.9.3
7f372f1c7000-7f372f1c8000 rw-p 00000000 00:00 0 
7f372f1c8000-7f372f247000 r-xp 00000000 08:05 12550                      /usr/lib/x86_64-linux-gnu/libgmp.so.10.3.0
7f372f247000-7f372f446000 ---p 0007f000 08:05 12550                      /usr/lib/x86_64-linux-gnu/libgmp.so.10.3.0
7f372f446000-7f372f447000 r--p 0007e000 08:05 12550                      /usr/lib/x86_64-linux-gnu/libgmp.so.10.3.0
7f372f447000-7f372f448000 rw-p 0007f000 08:05 12550                      /usr/lib/x86_64-linux-gnu/libgmp.so.10.3.0
7f372f448000-7f372f47c000 r-xp 00000000 08:05 4779                       /usr/lib/x86_64-linux-gnu/libnettle.so.6.2
7f372f47c000-7f372f67b000 ---p 00034000 08:05 4779                       /usr/lib/x86_64-linux-gnu/libnettle.so.6.2
7f372f67b000-7f372f67d000 r--p 00033000 08:05 4779                       /usr/lib/x86_64-linux-gnu/libnettle.so.6.2
7f372f67d000-7f372f67e000 rw-p 00035000 08:05 4779                       /usr/lib/x86_64-linux-gnu/libnettle.so.6.2
7f372f67e000-7f372f6b0000 r-xp 00000000 08:05 4037                       /usr/lib/x86_64-linux-gnu/libhogweed.so.4.2
7f372f6b0000-7f372f8af000 ---p 00032000 08:05 4037                       /usr/lib/x86_64-linux-gnu/libhogweed.so.4.2
7f372f8af000-7f372f8b0000 r--p 00031000 08:05 4037                       /usr/lib/x86_64-linux-gnu/libhogweed.so.4.2
7f372f8b0000-7f372f8b1000 rw-p 00032000 08:05 4037                       /usr/lib/x86_64-linux-gnu/libhogweed.so.4.2
7f372f8b1000-7f372f8f8000 r-xp 00000000 08:05 16347                      /usr/lib/x86_64-linux-gnu/libgssapi_krb5.so.2.2
7f372f8f8000-7f372faf7000 ---p 00047000 08:05 16347                      /usr/lib/x86_64-linux-gnu/libgssapi_krb5.so.2.2
7f372faf7000-7f372faf9000 r--p 00046000 08:05 16347                      /usr/lib/x86_64-linux-gnu/libgssapi_krb5.so.2.2
7f372faf9000-7f372fafb000 rw-p 00048000 08:05 16347                      /usr/lib/x86_64-linux-gnu/libgssapi_krb5.so.2.2
7f372fafb000-7f372fbd3000 r-xp 00000000 08:05 261670                     /lib/x86_64-linux-gnu/libgcrypt.so.20.0.5
7f372fbd3000-7f372fdd2000 ---p 000d8000 08:05 261670                     /lib/x86_64-linux-gnu/libgcrypt.so.20.0.5
7f372fdd2000-7f372fdd3000 r--p 000d7000 08:05 261670                     /lib/x86_64-linux-gnu/libgcrypt.so.20.0.5
7f372fdd3000-7f372fddb000 rw-p 000d8000 08:05 261670                     /lib/x86_64-linux-gnu/libgcrypt.so.20.0.5
7f372fddb000-7f372fddc000 rw-p 00000000 00:00 0 
7f372fddc000-7f372fe57000 r-xp 00000000 08:05 12947                      /usr/lib/x86_64-linux-gnu/liborc-0.4.so.0.25.0
7f372fe57000-7f3730056000 ---p 0007b000 08:05 12947                      /usr/lib/x86_64-linux-gnu/liborc-0.4.so.0.25.0
7f3730056000-7f3730058000 r--p 0007a000 08:05 12947                      /usr/lib/x86_64-linux-gnu/liborc-0.4.so.0.25.0
7f3730058000-7f373005c000 rw-p 0007c000 08:05 12947                      /usr/lib/x86_64-linux-gnu/liborc-0.4.so.0.25.0
7f373005c000-7f3730063000 r-xp 00000000 08:05 12941                      /usr/lib/x86_64-linux-gnu/libogg.so.0.8.2
7f3730063000-7f3730263000 ---p 00007000 08:05 12941                      /usr/lib/x86_64-linux-gnu/libogg.so.0.8.2
7f3730263000-7f3730264000 r--p 00007000 08:05 12941                      /usr/lib/x86_64-linux-gnu/libogg.so.0.8.2
7f3730264000-7f3730265000 rw-p 00008000 08:05 12941                      /usr/lib/x86_64-linux-gnu/libogg.so.0.8.2
7f3730265000-7f373026f000 r-xp 00000000 08:05 12929                      /usr/lib/x86_64-linux-gnu/libnuma.so.1.0.0
7f373026f000-7f373046e000 ---p 0000a000 08:05 12929                      /usr/lib/x86_64-linux-gnu/libnuma.so.1.0.0
7f373046e000-7f373046f000 r--p 00009000 08:05 12929                      /usr/lib/x86_64-linux-gnu/libnuma.so.1.0.0
7f373046f000-7f3730470000 rw-p 0000a000 08:05 12929                      /usr/lib/x86_64-linux-gnu/libnuma.so.1.0.0
7f3730470000-7f373049e000 r-xp 00000000 08:05 4830                       /usr/lib/x86_64-linux-gnu/libsoxr.so.0.1.1
7f373049e000-7f373069d000 ---p 0002e000 08:05 4830                       /usr/lib/x86_64-linux-gnu/libsoxr.so.0.1.1
7f373069d000-7f373069f000 r--p 0002d000 08:05 4830                       /usr/lib/x86_64-linux-gnu/libsoxr.so.0.1.1
7f373069f000-7f37306a0000 rw-p 0002f000 08:05 4830                       /usr/lib/x86_64-linux-gnu/libsoxr.so.0.1.1
7f37306a0000-7f37306d5000 rw-p 00000000 00:00 0 
7f37306d5000-7f37306e4000 r-xp 00000000 08:05 267086                     /lib/x86_64-linux-gnu/libbz2.so.1.0.4
7f37306e4000-7f37308e3000 ---p 0000f000 08:05 267086                     /lib/x86_64-linux-gnu/libbz2.so.1.0.4
7f37308e3000-7f37308e4000 r--p 0000e000 08:05 267086                     /lib/x86_64-linux-gnu/libbz2.so.1.0.4
7f37308e4000-7f37308e5000 rw-p 0000f000 08:05 267086                     /lib/x86_64-linux-gnu/libbz2.so.1.0.4
7f37308e5000-7f3730a08000 r-xp 00000000 08:05 12565                      /usr/lib/x86_64-linux-gnu/libgnutls.so.30.6.2
7f3730a08000-7f3730c07000 ---p 00123000 08:05 12565                      /usr/lib/x86_64-linux-gnu/libgnutls.so.30.6.2
7f3730c07000-7f3730c12000 r--p 00122000 08:05 12565                      /usr/lib/x86_64-linux-gnu/libgnutls.so.30.6.2
7f3730c12000-7f3730c14000 rw-p 0012d000 08:05 12565                      /usr/lib/x86_64-linux-gnu/libgnutls.so.30.6.2
7f3730c14000-7f3730c15000 rw-p 00000000 00:00 0 
7f3730c15000-7f3730c5c000 r-xp 00000000 08:05 4850                       /usr/lib/x86_64-linux-gnu/libbluray.so.1.9.2
7f3730c5c000-7f3730e5b000 ---p 00047000 08:05 4850                       /usr/lib/x86_64-linux-gnu/libbluray.so.1.9.2
7f3730e5b000-7f3730e5d000 r--p 00046000 08:05 4850                       /usr/lib/x86_64-linux-gnu/libbluray.so.1.9.2
7f3730e5d000-7f3730e5e000 rw-p 00048000 08:05 4850                       /usr/lib/x86_64-linux-gnu/libbluray.so.1.9.2
7f3730e5e000-7f3730ea8000 r-xp 00000000 08:05 4832                       /usr/lib/x86_64-linux-gnu/libgme.so.0.6.0
7f3730ea8000-7f37310a8000 ---p 0004a000 08:05 4832                       /usr/lib/x86_64-linux-gnu/libgme.so.0.6.0
7f37310a8000-7f37310ab000 r--p 0004a000 08:05 4832                       /usr/lib/x86_64-linux-gnu/libgme.so.0.6.0
7f37310ab000-7f37310ac000 rw-p 0004d000 08:05 4832                       /usr/lib/x86_64-linux-gnu/libgme.so.0.6.0
7f37310ac000-7f37310f6000 r-xp 00000000 08:05 4855                       /usr/lib/x86_64-linux-gnu/libmodplug.so.1.0.0
7f37310f6000-7f37312f6000 ---p 0004a000 08:05 4855                       /usr/lib/x86_64-linux-gnu/libmodplug.so.1.0.0
7f37312f6000-7f37312f7000 r--p 0004a000 08:05 4855                       /usr/lib/x86_64-linux-gnu/libmodplug.so.1.0.0
7f37312f7000-7f37312f8000 rw-p 0004b000 08:05 4855                       /usr/lib/x86_64-linux-gnu/libmodplug.so.1.0.0
7f37312f8000-7f3731437000 rw-p 00000000 00:00 0 
7f3731437000-7f3731452000 r-xp 00000000 08:05 7116                       /usr/lib/x86_64-linux-gnu/librtmp.so.1
7f3731452000-7f3731651000 ---p 0001b000 08:05 7116                       /usr/lib/x86_64-linux-gnu/librtmp.so.1
7f3731651000-7f3731652000 r--p 0001a000 08:05 7116                       /usr/lib/x86_64-linux-gnu/librtmp.so.1
7f3731652000-7f3731653000 rw-p 0001b000 08:05 7116                       /usr/lib/x86_64-linux-gnu/librtmp.so.1
7f3731653000-7f373169b000 r-xp 00000000 08:05 4859                       /usr/lib/x86_64-linux-gnu/libssh-gcrypt.so.4.4.1
7f373169b000-7f373189a000 ---p 00048000 08:05 4859                       /usr/lib/x86_64-linux-gnu/libssh-gcrypt.so.4.4.1
7f373189a000-7f373189b000 r--p 00047000 08:05 4859                       /usr/lib/x86_64-linux-gnu/libssh-gcrypt.so.4.4.1
7f373189b000-7f373189c000 rw-p 00048000 08:05 4859                       /usr/lib/x86_64-linux-gnu/libssh-gcrypt.so.4.4.1
7f373189c000-7f37318bd000 r-xp 00000000 08:05 267154                     /lib/x86_64-linux-gnu/liblzma.so.5.0.0
7f37318bd000-7f3731abc000 ---p 00021000 08:05 267154                     /lib/x86_64-linux-gnu/liblzma.so.5.0.0
7f3731abc000-7f3731abd000 r--p 00020000 08:05 267154                     /lib/x86_64-linux-gnu/liblzma.so.5.0.0
7f3731abd000-7f3731abe000 rw-p 00021000 08:05 267154                     /lib/x86_64-linux-gnu/liblzma.so.5.0.0
7f3731abe000-7f3731ad8000 r-xp 00000000 08:05 755                        /usr/lib/x86_64-linux-gnu/libcrystalhd.so.3.6
7f3731ad8000-7f3731cd7000 ---p 0001a000 08:05 755                        /usr/lib/x86_64-linux-gnu/libcrystalhd.so.3.6
7f3731cd7000-7f3731cd8000 r--p 00019000 08:05 755                        /usr/lib/x86_64-linux-gnu/libcrystalhd.so.3.6
7f3731cd8000-7f3731cd9000 rw-p 0001a000 08:05 755                        /usr/lib/x86_64-linux-gnu/libcrystalhd.so.3.6
7f3731cd9000-7f3731ce6000 r-xp 00000000 08:05 4814                       /usr/lib/x86_64-linux-gnu/libgsm.so.1.0.12
7f3731ce6000-7f3731ee5000 ---p 0000d000 08:05 4814                       /usr/lib/x86_64-linux-gnu/libgsm.so.1.0.12
7f3731ee5000-7f3731ee6000 r--p 0000c000 08:05 4814                       /usr/lib/x86_64-linux-gnu/libgsm.so.1.0.12
7f3731ee6000-7f3731ee7000 rw-p 0000d000 08:05 4814                       /usr/lib/x86_64-linux-gnu/libgsm.so.1.0.12
7f3731ee7000-7f3731f2c000 r-xp 00000000 08:05 4820                       /usr/lib/x86_64-linux-gnu/libmp3lame.so.0.0.0
7f3731f2c000-7f373212c000 ---p 00045000 08:05 4820                       /usr/lib/x86_64-linux-gnu/libmp3lame.so.0.0.0
7f373212c000-7f373212d000 r--p 00045000 08:05 4820                       /usr/lib/x86_64-linux-gnu/libmp3lame.so.0.0.0
7f373212d000-7f373212e000 rw-p 00046000 08:05 4820                       /usr/lib/x86_64-linux-gnu/libmp3lame.so.0.0.0
7f373212e000-7f373215c000 rw-p 00000000 00:00 0 
7f373215c000-7f373217e000 r-xp 00000000 08:05 4823                       /usr/lib/x86_64-linux-gnu/libopenjpeg.so.1.5.2
7f373217e000-7f373237d000 ---p 00022000 08:05 4823                       /usr/lib/x86_64-linux-gnu/libopenjpeg.so.1.5.2
7f373237d000-7f373237e000 r--p 00021000 08:05 4823                       /usr/lib/x86_64-linux-gnu/libopenjpeg.so.1.5.2
7f373237e000-7f373237f000 rw-p 00022000 08:05 4823                       /usr/lib/x86_64-linux-gnu/libopenjpeg.so.1.5.2
7f373237f000-7f37323c8000 r-xp 00000000 08:05 12945                      /usr/lib/x86_64-linux-gnu/libopus.so.0.5.2
7f37323c8000-7f37325c7000 ---p 00049000 08:05 12945                      /usr/lib/x86_64-linux-gnu/libopus.so.0.5.2
7f37325c7000-7f37325c8000 r--p 00048000 08:05 12945                      /usr/lib/x86_64-linux-gnu/libopus.so.0.5.2
7f37325c8000-7f37325c9000 rw-p 00049000 08:05 12945                      /usr/lib/x86_64-linux-gnu/libopus.so.0.5.2
7f37325c9000-7f373269a000 r-xp 00000000 08:05 4816                       /usr/lib/x86_64-linux-gnu/libschroedinger-1.0.so.0.11.0
7f373269a000-7f373289a000 ---p 000d1000 08:05 4816                       /usr/lib/x86_64-linux-gnu/libschroedinger-1.0.so.0.11.0
7f373289a000-7f373289c000 r--p 000d1000 08:05 4816                       /usr/lib/x86_64-linux-gnu/libschroedinger-1.0.so.0.11.0
7f373289c000-7f373289d000 rw-p 000d3000 08:05 4816                       /usr/lib/x86_64-linux-gnu/libschroedinger-1.0.so.0.11.0
7f373289d000-7f373289e000 rw-p 00000000 00:00 0 
7f373289e000-7f37328aa000 r-xp 00000000 08:05 4826                       /usr/lib/x86_64-linux-gnu/libshine.so.3.0.1
7f37328aa000-7f3732aa9000 ---p 0000c000 08:05 4826                       /usr/lib/x86_64-linux-gnu/libshine.so.3.0.1
7f3732aa9000-7f3732aaa000 r--p 0000b000 08:05 4826                       /usr/lib/x86_64-linux-gnu/libshine.so.3.0.1
7f3732aaa000-7f3732aab000 rw-p 0000c000 08:05 4826                       /usr/lib/x86_64-linux-gnu/libshine.so.3.0.1
7f3732aab000-7f3732ab2000 r-xp 00000000 08:05 4828                       /usr/lib/x86_64-linux-gnu/libsnappy.so.1.3.0
7f3732ab2000-7f3732cb1000 ---p 00007000 08:05 4828                       /usr/lib/x86_64-linux-gnu/libsnappy.so.1.3.0
7f3732cb1000-7f3732cb2000 r--p 00006000 08:05 4828                       /usr/lib/x86_64-linux-gnu/libsnappy.so.1.3.0
7f3732cb2000-7f3732cb3000 rw-p 00007000 08:05 4828                       /usr/lib/x86_64-linux-gnu/libsnappy.so.1.3.0
7f3732cb3000-7f3732cca000 r-xp 00000000 08:05 13157                      /usr/lib/x86_64-linux-gnu/libspeex.so.1.5.0
7f3732cca000-7f3732eca000 ---p 00017000 08:05 13157                      /usr/lib/x86_64-linux-gnu/libspeex.so.1.5.0
7f3732eca000-7f3732ecb000 r--p 00017000 08:05 13157                      /usr/lib/x86_64-linux-gnu/libspeex.so.1.5.0
7f3732ecb000-7f3732ecc000 rw-p 00018000 08:05 13157                      /usr/lib/x86_64-linux-gnu/libspeex.so.1.5.0
7f3732ecc000-7f3732ee5000 r-xp 00000000 08:05 13194                      /usr/lib/x86_64-linux-gnu/libtheoradec.so.1.1.4
7f3732ee5000-7f37330e4000 ---p 00019000 08:05 13194                      /usr/lib/x86_64-linux-gnu/libtheoradec.so.1.1.4
7f37330e4000-7f37330e5000 r--p 00018000 08:05 13194                      /usr/lib/x86_64-linux-gnu/libtheoradec.so.1.1.4
7f37330e5000-7f37330e6000 rw-p 00019000 08:05 13194                      /usr/lib/x86_64-linux-gnu/libtheoradec.so.1.1.4
7f37330e6000-7f3733124000 r-xp 00000000 08:05 13196                      /usr/lib/x86_64-linux-gnu/libtheoraenc.so.1.1.2
7f3733124000-7f3733323000 ---p 0003e000 08:05 13196                      /usr/lib/x86_64-linux-gnu/libtheoraenc.so.1.1.2
7f3733323000-7f3733324000 r--p 0003d000 08:05 13196                      /usr/lib/x86_64-linux-gnu/libtheoraenc.so.1.1.2
7f3733324000-7f3733325000 rw-p 0003e000 08:05 13196                      /usr/lib/x86_64-linux-gnu/libtheoraenc.so.1.1.2
7f3733325000-7f3733343000 r-xp 00000000 08:05 4834                       /usr/lib/x86_64-linux-gnu/libtwolame.so.0.0.0
7f3733343000-7f3733542000 ---p 0001e000 08:05 4834                       /usr/lib/x86_64-linux-gnu/libtwolame.so.0.0.0
7f3733542000-7f3733543000 r--p 0001d000 08:05 4834                       /usr/lib/x86_64-linux-gnu/libtwolame.so.0.0.0
7f3733543000-7f3733544000 rw-p 0001e000 08:05 4834                       /usr/lib/x86_64-linux-gnu/libtwolame.so.0.0.0
7f3733544000-7f3733548000 rw-p 00000000 00:00 0 
7f3733548000-7f3733572000 r-xp 00000000 08:05 13289                      /usr/lib/x86_64-linux-gnu/libvorbis.so.0.4.8
7f3733572000-7f3733772000 ---p 0002a000 08:05 13289                      /usr/lib/x86_64-linux-gnu/libvorbis.so.0.4.8
7f3733772000-7f3733773000 r--p 0002a000 08:05 13289                      /usr/lib/x86_64-linux-gnu/libvorbis.so.0.4.8
7f3733773000-7f3733774000 rw-p 0002b000 08:05 13289                      /usr/lib/x86_64-linux-gnu/libvorbis.so.0.4.8
7f3733774000-7f3733801000 r-xp 00000000 08:05 13291                      /usr/lib/x86_64-linux-gnu/libvorbisenc.so.2.0.11
7f3733801000-7f3733a00000 ---p 0008d000 08:05 13291                      /usr/lib/x86_64-linux-gnu/libvorbisenc.so.2.0.11
7f3733a00000-7f3733a1c000 r--p 0008c000 08:05 13291                      /usr/lib/x86_64-linux-gnu/libvorbisenc.so.2.0.11
7f3733a1c000-7f3733a1d000 rw-p 000a8000 08:05 13291                      /usr/lib/x86_64-linux-gnu/libvorbisenc.so.2.0.11
7f3733a1d000-7f3733c3c000 r-xp 00000000 08:05 13296                      /usr/lib/x86_64-linux-gnu/libvpx.so.3.0.0
7f3733c3c000-7f3733e3b000 ---p 0021f000 08:05 13296                      /usr/lib/x86_64-linux-gnu/libvpx.so.3.0.0
7f3733e3b000-7f3733e3d000 r--p 0021e000 08:05 13296                      /usr/lib/x86_64-linux-gnu/libvpx.so.3.0.0
7f3733e3d000-7f3733e3e000 rw-p 00220000 08:05 13296                      /usr/lib/x86_64-linux-gnu/libvpx.so.3.0.0
7f3733e3e000-7f3733e41000 rw-p 00000000 00:00 0 
7f3733e41000-7f3733e69000 r-xp 00000000 08:05 13302                      /usr/lib/x86_64-linux-gnu/libwavpack.so.1.1.7
7f3733e69000-7f3734068000 ---p 00028000 08:05 13302                      /usr/lib/x86_64-linux-gnu/libwavpack.so.1.1.7
7f3734068000-7f3734069000 r--p 00027000 08:05 13302                      /usr/lib/x86_64-linux-gnu/libwavpack.so.1.1.7
7f3734069000-7f373406a000 rw-p 00028000 08:05 13302                      /usr/lib/x86_64-linux-gnu/libwavpack.so.1.1.7
7f373406a000-7f37340c3000 r-xp 00000000 08:05 13316                      /usr/lib/x86_64-linux-gnu/libwebp.so.5.0.4
7f37340c3000-7f37342c3000 ---p 00059000 08:05 13316                      /usr/lib/x86_64-linux-gnu/libwebp.so.5.0.4
7f37342c3000-7f37342c4000 r--p 00059000 08:05 13316                      /usr/lib/x86_64-linux-gnu/libwebp.so.5.0.4
7f37342c4000-7f37342c6000 rw-p 0005a000 08:05 13316                      /usr/lib/x86_64-linux-gnu/libwebp.so.5.0.4
7f37342c6000-7f37343ee000 r-xp 00000000 08:05 4838                       /usr/lib/x86_64-linux-gnu/libx264.so.148
7f37343ee000-7f37345ed000 ---p 00128000 08:05 4838                       /usr/lib/x86_64-linux-gnu/libx264.so.148
7f37345ed000-7f37345ee000 r--p 00127000 08:05 4838                       /usr/lib/x86_64-linux-gnu/libx264.so.148
7f37345ee000-7f37345ef000 rw-p 00128000 08:05 4838                       /usr/lib/x86_64-linux-gnu/libx264.so.148
7f37345ef000-7f373466a000 rw-p 00000000 00:00 0 
7f373466a000-7f3735077000 r-xp 00000000 08:05 4839                       /usr/lib/x86_64-linux-gnu/libx265.so.79
7f3735077000-7f3735276000 ---p 00a0d000 08:05 4839                       /usr/lib/x86_64-linux-gnu/libx265.so.79
7f3735276000-7f3735279000 r--p 00a0c000 08:05 4839                       /usr/lib/x86_64-linux-gnu/libx265.so.79
7f3735279000-7f373527c000 rw-p 00a0f000 08:05 4839                       /usr/lib/x86_64-linux-gnu/libx265.so.79
7f373527c000-7f3735289000 rw-p 00000000 00:00 0 
7f3735289000-7f373532a000 r-xp 00000000 08:05 4840                       /usr/lib/x86_64-linux-gnu/libxvidcore.so.4.3
7f373532a000-7f3735529000 ---p 000a1000 08:05 4840                       /usr/lib/x86_64-linux-gnu/libxvidcore.so.4.3
7f3735529000-7f373552a000 r--p 000a0000 08:05 4840                       /usr/lib/x86_64-linux-gnu/libxvidcore.so.4.3
7f373552a000-7f3735534000 rw-p 000a1000 08:05 4840                       /usr/lib/x86_64-linux-gnu/libxvidcore.so.4.3
7f3735534000-7f373559d000 rw-p 00000000 00:00 0 
7f373559d000-7f3735614000 r-xp 00000000 08:05 4842                       /usr/lib/x86_64-linux-gnu/libzvbi.so.0.13.2
7f3735614000-7f3735813000 ---p 00077000 08:05 4842                       /usr/lib/x86_64-linux-gnu/libzvbi.so.0.13.2
7f3735813000-7f373581c000 r--p 00076000 08:05 4842                       /usr/lib/x86_64-linux-gnu/libzvbi.so.0.13.2
7f373581c000-7f3735828000 rw-p 0007f000 08:05 4842                       /usr/lib/x86_64-linux-gnu/libzvbi.so.0.13.2
7f3735828000-7f3735843000 r-xp 00000000 08:05 4836                       /usr/lib/x86_64-linux-gnu/libva.so.1.3900.0
7f3735843000-7f3735a42000 ---p 0001b000 08:05 4836                       /usr/lib/x86_64-linux-gnu/libva.so.1.3900.0
7f3735a42000-7f3735a43000 r--p 0001a000 08:05 4836                       /usr/lib/x86_64-linux-gnu/libva.so.1.3900.0
7f3735a43000-7f3735a44000 rw-p 0001b000 08:05 4836                       /usr/lib/x86_64-linux-gnu/libva.so.1.3900.0
7f3735a44000-7f3735a5e000 r-xp 00000000 08:05 17782                      /usr/lib/x86_64-linux-gnu/libswresample-ffmpeg.so.1.2.101
7f3735a5e000-7f3735c5e000 ---p 0001a000 08:05 17782                      /usr/lib/x86_64-linux-gnu/libswresample-ffmpeg.so.1.2.101
7f3735c5e000-7f3735c60000 r--p 0001a000 08:05 17782                      /usr/lib/x86_64-linux-gnu/libswresample-ffmpeg.so.1.2.101
7f3735c60000-7f3735c61000 rw-p 0001c000 08:05 17782                      /usr/lib/x86_64-linux-gnu/libswresample-ffmpeg.so.1.2.101
7f3735c61000-7f3735c7a000 r-xp 00000000 08:05 262018                     /lib/x86_64-linux-gnu/libz.so.1.2.8
7f3735c7a000-7f3735e79000 ---p 00019000 08:05 262018                     /lib/x86_64-linux-gnu/libz.so.1.2.8
7f3735e79000-7f3735e7a000 r--p 00018000 08:05 262018                     /lib/x86_64-linux-gnu/libz.so.1.2.8
7f3735e7a000-7f3735e7b000 rw-p 00019000 08:05 262018                     /lib/x86_64-linux-gnu/libz.so.1.2.8
7f3735e7b000-7f3735e9f000 r-xp 00000000 08:05 267228                     /lib/x86_64-linux-gnu/libpng12.so.0.54.0
7f3735e9f000-7f373609e000 ---p 00024000 08:05 267228                     /lib/x86_64-linux-gnu/libpng12.so.0.54.0
7f373609e000-7f373609f000 r--p 00023000 08:05 267228                     /lib/x86_64-linux-gnu/libpng12.so.0.54.0
7f373609f000-7f37360a0000 rw-p 00024000 08:05 267228                     /lib/x86_64-linux-gnu/libpng12.so.0.54.0
7f37360a0000-7f3736125000 r-xp 00000000 08:05 4369                       /usr/lib/x86_64-linux-gnu/libswscale-ffmpeg.so.3.1.101
7f3736125000-7f3736324000 ---p 00085000 08:05 4369                       /usr/lib/x86_64-linux-gnu/libswscale-ffmpeg.so.3.1.101
7f3736324000-7f3736326000 r--p 00084000 08:05 4369                       /usr/lib/x86_64-linux-gnu/libswscale-ffmpeg.so.3.1.101
7f3736326000-7f3736327000 rw-p 00086000 08:05 4369                       /usr/lib/x86_64-linux-gnu/libswscale-ffmpeg.so.3.1.101
7f3736327000-7f373632f000 rw-p 00000000 00:00 0 
7f373632f000-7f3736385000 r-xp 00000000 08:05 4867                       /usr/lib/x86_64-linux-gnu/libavutil-ffmpeg.so.54.31.100
7f3736385000-7f3736584000 ---p 00056000 08:05 4867                       /usr/lib/x86_64-linux-gnu/libavutil-ffmpeg.so.54.31.100
7f3736584000-7f373658a000 r--p 00055000 08:05 4867                       /usr/lib/x86_64-linux-gnu/libavutil-ffmpeg.so.54.31.100
7f373658a000-7f373658b000 rw-p 0005b000 08:05 4867                       /usr/lib/x86_64-linux-gnu/libavutil-ffmpeg.so.54.31.100
7f373658b000-7f373659e000 rw-p 00000000 00:00 0 
7f373659e000-7f3736773000 r-xp 00000000 08:05 4372                       /usr/lib/x86_64-linux-gnu/libavformat-ffmpeg.so.56.40.101
7f3736773000-7f3736973000 ---p 001d5000 08:05 4372                       /usr/lib/x86_64-linux-gnu/libavformat-ffmpeg.so.56.40.101
7f3736973000-7f3736987000 r--p 001d5000 08:05 4372                       /usr/lib/x86_64-linux-gnu/libavformat-ffmpeg.so.56.40.101
7f3736987000-7f373699c000 rw-p 001e9000 08:05 4372                       /usr/lib/x86_64-linux-gnu/libavformat-ffmpeg.so.56.40.101
7f373699c000-7f37374c8000 r-xp 00000000 08:05 4852                       /usr/lib/x86_64-linux-gnu/libavcodec-ffmpeg.so.56.60.100
7f37374c8000-7f37376c7000 ---p 00b2c000 08:05 4852                       /usr/lib/x86_64-linux-gnu/libavcodec-ffmpeg.so.56.60.100
7f37376c7000-7f37376f2000 r--p 00b2b000 08:05 4852                       /usr/lib/x86_64-linux-gnu/libavcodec-ffmpeg.so.56.60.100
7f37376f2000-7f3737715000 rw-p 00b56000 08:05 4852                       /usr/lib/x86_64-linux-gnu/libavcodec-ffmpeg.so.56.60.100
7f3737715000-7f3737dc8000 rw-p 00000000 00:00 0 
7f3737dc8000-7f3737dde000 r-xp 00000000 08:05 267125                     /lib/x86_64-linux-gnu/libgcc_s.so.1
7f3737dde000-7f3737fdd000 ---p 00016000 08:05 267125                     /lib/x86_64-linux-gnu/libgcc_s.so.1
7f3737fdd000-7f3737fde000 rw-p 00015000 08:05 267125                     /lib/x86_64-linux-gnu/libgcc_s.so.1
7f3737fde000-7f3738150000 r-xp 00000000 08:05 2190                       /usr/lib/x86_64-linux-gnu/libstdc++.so.6.0.21
7f3738150000-7f3738350000 ---p 00172000 08:05 2190                       /usr/lib/x86_64-linux-gnu/libstdc++.so.6.0.21
7f3738350000-7f373835a000 r--p 00172000 08:05 2190                       /usr/lib/x86_64-linux-gnu/libstdc++.so.6.0.21
7f373835a000-7f373835c000 rw-p 0017c000 08:05 2190                       /usr/lib/x86_64-linux-gnu/libstdc++.so.6.0.21
7f373835c000-7f3738360000 rw-p 00000000 00:00 0 
7f3738360000-7f3738e9c000 r-xp 00000000 08:05 836486                     /home/mbahhalim/Downloads/portprog/opencv-3.2.0/release/lib/libopencv_core.so.3.2.0
7f3738e9c000-7f373909c000 ---p 00b3c000 08:05 836486                     /home/mbahhalim/Downloads/portprog/opencv-3.2.0/release/lib/libopencv_core.so.3.2.0
7f373909c000-7f37390a4000 r--p 00b3c000 08:05 836486                     /home/mbahhalim/Downloads/portprog/opencv-3.2.0/release/lib/libopencv_core.so.3.2.0
7f37390a4000-7f37390d2000 rw-p 00b44000 08:05 836486                     /home/mbahhalim/Downloads/portprog/opencv-3.2.0/release/lib/libopencv_core.so.3.2.0
7f37390d2000-7f37390d4000 rw-p 00000000 00:00 0 
7f37390d4000-7f373a664000 r-xp 00000000 08:05 836547                     /home/mbahhalim/Downloads/portprog/opencv-3.2.0/release/lib/libopencv_imgproc.so.3.2.0
7f373a664000-7f373a863000 ---p 01590000 08:05 836547                     /home/mbahhalim/Downloads/portprog/opencv-3.2.0/release/lib/libopencv_imgproc.so.3.2.0
7f373a863000-7f373a86c000 r--p 0158f000 08:05 836547                     /home/mbahhalim/Downloads/portprog/opencv-3.2.0/release/lib/libopencv_imgproc.so.3.2.0
7f373a86c000-7f373a88d000 rw-p 01598000 08:05 836547                     /home/mbahhalim/Downloads/portprog/opencv-3.2.0/release/lib/libopencv_imgproc.so.3.2.0
7f373a88d000-7f373a924000 rw-p 00000000 00:00 0 
7f373a924000-7f373acb9000 r-xp 00000000 08:05 836551                     /home/mbahhalim/Downloads/portprog/opencv-3.2.0/release/lib/libopencv_imgcodecs.so.3.2.0
7f373acb9000-7f373aeb9000 ---p 00395000 08:05 836551                     /home/mbahhalim/Downloads/portprog/opencv-3.2.0/release/lib/libopencv_imgcodecs.so.3.2.0
7f373aeb9000-7f373aebf000 r--p 00395000 08:05 836551                     /home/mbahhalim/Downloads/portprog/opencv-3.2.0/release/lib/libopencv_imgcodecs.so.3.2.0
7f373aebf000-7f373aec7000 rw-p 0039b000 08:05 836551                     /home/mbahhalim/Downloads/portprog/opencv-3.2.0/release/lib/libopencv_imgcodecs.so.3.2.0
7f373aec7000-7f373aed2000 rw-p 00000000 00:00 0 
7f373aed2000-7f373aefe000 r-xp 00000000 08:05 836558                     /home/mbahhalim/Downloads/portprog/opencv-3.2.0/release/lib/libopencv_videoio.so.3.2.0
7f373aefe000-7f373b0fd000 ---p 0002c000 08:05 836558                     /home/mbahhalim/Downloads/portprog/opencv-3.2.0/release/lib/libopencv_videoio.so.3.2.0
7f373b0fd000-7f373b0fe000 r--p 0002b000 08:05 836558                     /home/mbahhalim/Downloads/portprog/opencv-3.2.0/release/lib/libopencv_videoio.so.3.2.0
7f373b0fe000-7f373b0ff000 rw-p 0002c000 08:05 836558                     /home/mbahhalim/Downloads/portprog/opencv-3.2.0/release/lib/libopencv_videoio.so.3.2.0
7f373b0ff000-7f373b102000 rw-p 00000000 00:00 0 
7f373b102000-7f373b1cb000 r-xp 00000000 08:05 836578                     /home/mbahhalim/Downloads/portprog/opencv-3.2.0/release/lib/libopencv_ml.so.3.2.0
7f373b1cb000-7f373b3cb000 ---p 000c9000 08:05 836578                     /home/mbahhalim/Downloads/portprog/opencv-3.2.0/release/lib/libopencv_ml.so.3.2.0
7f373b3cb000-7f373b3cd000 r--p 000c9000 08:05 836578                     /home/mbahhalim/Downloads/portprog/opencv-3.2.0/release/lib/libopencv_ml.so.3.2.0
7f373b3cd000-7f373b3ce000 rw-p 000cb000 08:05 836578                     /home/mbahhalim/Downloads/portprog/opencv-3.2.0/release/lib/libopencv_ml.so.3.2.0
7f373b3ce000-7f373b424000 r-xp 00000000 08:05 836567                     /home/mbahhalim/Downloads/portprog/opencv-3.2.0/release/lib/libopencv_flann.so.3.2.0
7f373b424000-7f373b624000 ---p 00056000 08:05 836567                     /home/mbahhalim/Downloads/portprog/opencv-3.2.0/release/lib/libopencv_flann.so.3.2.0
7f373b624000-7f373b626000 r--p 00056000 08:05 836567                     /home/mbahhalim/Downloads/portprog/opencv-3.2.0/release/lib/libopencv_flann.so.3.2.0
7f373b626000-7f373b627000 rw-p 00058000 08:05 836567                     /home/mbahhalim/Downloads/portprog/opencv-3.2.0/release/lib/libopencv_flann.so.3.2.0
7f373b627000-7f373b6ec000 r-xp 00000000 08:05 836637                     /home/mbahhalim/Downloads/portprog/opencv-3.2.0/release/lib/libopencv_features2d.so.3.2.0
7f373b6ec000-7f373b8ec000 ---p 000c5000 08:05 836637                     /home/mbahhalim/Downloads/portprog/opencv-3.2.0/release/lib/libopencv_features2d.so.3.2.0
7f373b8ec000-7f373b8ef000 r--p 000c5000 08:05 836637                     /home/mbahhalim/Downloads/portprog/opencv-3.2.0/release/lib/libopencv_features2d.so.3.2.0
7f373b8ef000-7f373b8f1000 rw-p 000c8000 08:05 836637                     /home/mbahhalim/Downloads/portprog/opencv-3.2.0/release/lib/libopencv_features2d.so.3.2.0
7f373b8f1000-7f373ba74000 r-xp 00000000 08:05 836643                     /home/mbahhalim/Downloads/portprog/opencv-3.2.0/release/lib/libopencv_calib3d.so.3.2.0
7f373ba74000-7f373bc73000 ---p 00183000 08:05 836643                     /home/mbahhalim/Downloads/portprog/opencv-3.2.0/release/lib/libopencv_calib3d.so.3.2.0
7f373bc73000-7f373bc75000 r--p 00182000 08:05 836643                     /home/mbahhalim/Downloads/portprog/opencv-3.2.0/release/lib/libopencv_calib3d.so.3.2.0
7f373bc75000-7f373bc77000 rw-p 00184000 08:05 836643                     /home/mbahhalim/Downloads/portprog/opencv-3.2.0/release/lib/libopencv_calib3d.so.3.2.0
7f373bc77000-7f373bdfc000 r-xp 00000000 08:05 836594                     /home/mbahhalim/Downloads/portprog/opencv-3.2.0/release/lib/libopencv_video.so.3.2.0
7f373bdfc000-7f373bffb000 ---p 00185000 08:05 836594                     /home/mbahhalim/Downloads/portprog/opencv-3.2.0/release/lib/libopencv_video.so.3.2.0
7f373bffb000-7f373bffd000 r--p 00184000 08:05 836594                     /home/mbahhalim/Downloads/portprog/opencv-3.2.0/release/lib/libopencv_video.so.3.2.0
7f373bffd000-7f373c000000 rw-p 00186000 08:05 836594                     /home/mbahhalim/Downloads/portprog/opencv-3.2.0/release/lib/libopencv_video.so.3.2.0
7f373c000000-7f373c021000 rw-p 00000000 00:00 0 
7f373c021000-7f3740000000 ---p 00000000 00:00 0 
7f3740000000-7f3740021000 rw-p 00000000 00:00 0 
7f3740021000-7f3744000000 ---p 00000000 00:00 0 
7f3744000000-7f374416c000 rw-p 00000000 00:00 0 
7f374416c000-7f3748000000 ---p 00000000 00:00 0 
7f3748000000-7f374866e000 rw-p 00000000 00:00 0 
7f374866e000-7f374c000000 ---p 00000000 00:00 0 
7f374c000000-7f374c021000 rw-p 00000000 00:00 0 
7f374c021000-7f3750000000 ---p 00000000 00:00 0 
7f3750000000-7f3750204000 rw-p 00000000 00:00 0 
7f3750204000-7f3754000000 ---p 00000000 00:00 0 
7f3754000000-7f3754021000 rw-p 00000000 00:00 0 
7f3754021000-7f3758000000 ---p 00000000 00:00 0 
7f3758000000-7f3758021000 rw-p 00000000 00:00 0 
7f3758021000-7f375c000000 ---p 00000000 00:00 0 
7f375c000000-7f375c021000 rw-p 00000000 00:00 0 
7f375c021000-7f3760000000 ---p 00000000 00:00 0 
7f3760000000-7f3760067000 r-xp 00000000 08:05 836624                     /home/mbahhalim/Downloads/portprog/opencv-3.2.0/release/lib/libopencv_objdetect.so.3.2.0
7f3760067000-7f3760267000 ---p 00067000 08:05 836624                     /home/mbahhalim/Downloads/portprog/opencv-3.2.0/release/lib/libopencv_objdetect.so.3.2.0
7f3760267000-7f3760268000 r--p 00067000 08:05 836624                     /home/mbahhalim/Downloads/portprog/opencv-3.2.0/release/lib/libopencv_objdetect.so.3.2.0
7f3760268000-7f3760269000 rw-p 00068000 08:05 836624                     /home/mbahhalim/Downloads/portprog/opencv-3.2.0/release/lib/libopencv_objdetect.so.3.2.0
7f3760269000-7f376046c000 r-xp 00000000 08:05 836583                     /home/mbahhalim/Downloads/portprog/opencv-3.2.0/release/lib/libopencv_photo.so.3.2.0
7f376046c000-7f376066c000 ---p 00203000 08:05 836583                     /home/mbahhalim/Downloads/portprog/opencv-3.2.0/release/lib/libopencv_photo.so.3.2.0
7f376066c000-7f376066e000 r--p 00203000 08:05 836583                     /home/mbahhalim/Downloads/portprog/opencv-3.2.0/release/lib/libopencv_photo.so.3.2.0
7f376066e000-7f3760671000 rw-p 00205000 08:05 836583                     /home/mbahhalim/Downloads/portprog/opencv-3.2.0/release/lib/libopencv_photo.so.3.2.0
7f3760671000-7f3760743000 r-xp 00000000 08:05 836647                     /home/mbahhalim/Downloads/portprog/opencv-3.2.0/release/lib/libopencv_java320.so
7f3760743000-7f3760942000 ---p 000d2000 08:05 836647                     /home/mbahhalim/Downloads/portprog/opencv-3.2.0/release/lib/libopencv_java320.so
7f3760942000-7f3760943000 r--p 000d1000 08:05 836647                     /home/mbahhalim/Downloads/portprog/opencv-3.2.0/release/lib/libopencv_java320.so
7f3760943000-7f3760945000 rw-p 000d2000 08:05 836647                     /home/mbahhalim/Downloads/portprog/opencv-3.2.0/release/lib/libopencv_java320.so
7f3760945000-7f3760946000 ---p 00000000 00:00 0 
7f3760946000-7f3760b47000 rwxp 00000000 00:00 0 
7f3760b47000-7f3760b48000 ---p 00000000 00:00 0 
7f3760b48000-7f3760c48000 rwxp 00000000 00:00 0 
7f3760c48000-7f3760c49000 ---p 00000000 00:00 0 
7f3760c49000-7f3760d49000 rwxp 00000000 00:00 0 
7f3760d49000-7f3760d4a000 ---p 00000000 00:00 0 
7f3760d4a000-7f3760f4b000 rwxp 00000000 00:00 0 
7f3760f4b000-7f3761224000 r--p 00000000 08:05 273                        /usr/lib/locale/locale-archive
7f3761224000-7f3761426000 rwxp 00000000 00:00 0 
7f3761426000-7f3761427000 ---p 00000000 00:00 0 
7f3761427000-7f3761527000 rwxp 00000000 00:00 0 
7f3761527000-7f3762377000 rw-p 00000000 00:00 0 
7f3762377000-7f3762550000 r--s 03d40000 08:05 152626                     /usr/lib/jvm/java-8-oracle/jre/lib/rt.jar
7f3762550000-7f3764000000 rw-p 00000000 00:00 0 
7f3764000000-7f3764021000 rw-p 00000000 00:00 0 
7f3764021000-7f3768000000 ---p 00000000 00:00 0 
7f3768000000-7f3768021000 rw-p 00000000 00:00 0 
7f3768021000-7f376c000000 ---p 00000000 00:00 0 
7f376c000000-7f376c021000 rw-p 00000000 00:00 0 
7f376c021000-7f3770000000 ---p 00000000 00:00 0 
7f3770000000-7f3770021000 rw-p 00000000 00:00 0 
7f3770021000-7f3774000000 ---p 00000000 00:00 0 
7f3774010000-7f3774012000 r--s 0000c000 08:05 843265                     /home/mbahhalim/.p2/pool/plugins/org.hamcrest.core_1.3.0.v201303031735.jar
7f3774012000-7f3774adf000 rw-p 00000000 00:00 0 
7f3774adf000-7f3774ae0000 ---p 00000000 00:00 0 
7f3774ae0000-7f3774be0000 rwxp 00000000 00:00 0 
7f3774be0000-7f3774be1000 ---p 00000000 00:00 0 
7f3774be1000-7f3774ce1000 rwxp 00000000 00:00 0 
7f3774ce1000-7f3774ce2000 ---p 00000000 00:00 0 
7f3774ce2000-7f3774de2000 rwxp 00000000 00:00 0 
7f3774de2000-7f3774de3000 ---p 00000000 00:00 0 
7f3774de3000-7f3774ee3000 rwxp 00000000 00:00 0 
7f3774ee3000-7f3774ef5000 rw-p 00000000 00:00 0 
7f3774ef5000-7f3775000000 ---p 00000000 00:00 0 
7f3775000000-7f37754b0000 rwxp 00000000 00:00 0 
7f37754b0000-7f3784000000 ---p 00000000 00:00 0 
7f3784000000-7f378465c000 rw-p 00000000 00:00 0 
7f378465c000-7f3788000000 ---p 00000000 00:00 0 
7f3788000000-7f378801c000 r--s 00393000 08:05 152741                     /usr/lib/jvm/java-8-oracle/jre/lib/ext/cldrdata.jar
7f378801c000-7f37880f3000 rw-p 00000000 00:00 0 
7f37880f3000-7f37881fd000 ---p 00000000 00:00 0 
7f37881fd000-7f3788207000 rw-p 00000000 00:00 0 
7f3788207000-7f378828c000 ---p 00000000 00:00 0 
7f378828c000-7f37882a0000 rw-p 00000000 00:00 0 
7f37882a0000-7f378864d000 ---p 00000000 00:00 0 
7f378864d000-7f3788667000 r-xp 00000000 08:05 152895                     /usr/lib/jvm/java-8-oracle/jre/lib/amd64/libzip.so
7f3788667000-7f3788867000 ---p 0001a000 08:05 152895                     /usr/lib/jvm/java-8-oracle/jre/lib/amd64/libzip.so
7f3788867000-7f3788868000 rw-p 0001a000 08:05 152895                     /usr/lib/jvm/java-8-oracle/jre/lib/amd64/libzip.so
7f3788868000-7f3788873000 r-xp 00000000 08:05 262287                     /lib/x86_64-linux-gnu/libnss_files-2.23.so
7f3788873000-7f3788a72000 ---p 0000b000 08:05 262287                     /lib/x86_64-linux-gnu/libnss_files-2.23.so
7f3788a72000-7f3788a73000 r--p 0000a000 08:05 262287                     /lib/x86_64-linux-gnu/libnss_files-2.23.so
7f3788a73000-7f3788a74000 rw-p 0000b000 08:05 262287                     /lib/x86_64-linux-gnu/libnss_files-2.23.so
7f3788a74000-7f3788a7a000 rw-p 00000000 00:00 0 
7f3788a7a000-7f3788a85000 r-xp 00000000 08:05 262275                     /lib/x86_64-linux-gnu/libnss_nis-2.23.so
7f3788a85000-7f3788c84000 ---p 0000b000 08:05 262275                     /lib/x86_64-linux-gnu/libnss_nis-2.23.so
7f3788c84000-7f3788c85000 r--p 0000a000 08:05 262275                     /lib/x86_64-linux-gnu/libnss_nis-2.23.so
7f3788c85000-7f3788c86000 rw-p 0000b000 08:05 262275                     /lib/x86_64-linux-gnu/libnss_nis-2.23.so
7f3788c86000-7f3788c9c000 r-xp 00000000 08:05 262279                     /lib/x86_64-linux-gnu/libnsl-2.23.so
7f3788c9c000-7f3788e9b000 ---p 00016000 08:05 262279                     /lib/x86_64-linux-gnu/libnsl-2.23.so
7f3788e9b000-7f3788e9c000 r--p 00015000 08:05 262279                     /lib/x86_64-linux-gnu/libnsl-2.23.so
7f3788e9c000-7f3788e9d000 rw-p 00016000 08:05 262279                     /lib/x86_64-linux-gnu/libnsl-2.23.so
7f3788e9d000-7f3788e9f000 rw-p 00000000 00:00 0 
7f3788e9f000-7f3788ea7000 r-xp 00000000 08:05 262289                     /lib/x86_64-linux-gnu/libnss_compat-2.23.so
7f3788ea7000-7f37890a6000 ---p 00008000 08:05 262289                     /lib/x86_64-linux-gnu/libnss_compat-2.23.so
7f37890a6000-7f37890a7000 r--p 00007000 08:05 262289                     /lib/x86_64-linux-gnu/libnss_compat-2.23.so
7f37890a7000-7f37890a8000 rw-p 00008000 08:05 262289                     /lib/x86_64-linux-gnu/libnss_compat-2.23.so
7f37890a8000-7f37890d3000 r-xp 00000000 08:05 152889                     /usr/lib/jvm/java-8-oracle/jre/lib/amd64/libjava.so
7f37890d3000-7f37892d2000 ---p 0002b000 08:05 152889                     /usr/lib/jvm/java-8-oracle/jre/lib/amd64/libjava.so
7f37892d2000-7f37892d4000 rw-p 0002a000 08:05 152889                     /usr/lib/jvm/java-8-oracle/jre/lib/amd64/libjava.so
7f37892d4000-7f37892e1000 r-xp 00000000 08:05 152894                     /usr/lib/jvm/java-8-oracle/jre/lib/amd64/libverify.so
7f37892e1000-7f37894e0000 ---p 0000d000 08:05 152894                     /usr/lib/jvm/java-8-oracle/jre/lib/amd64/libverify.so
7f37894e0000-7f37894e2000 rw-p 0000c000 08:05 152894                     /usr/lib/jvm/java-8-oracle/jre/lib/amd64/libverify.so
7f37894e2000-7f37894e9000 r-xp 00000000 08:05 262295                     /lib/x86_64-linux-gnu/librt-2.23.so
7f37894e9000-7f37896e8000 ---p 00007000 08:05 262295                     /lib/x86_64-linux-gnu/librt-2.23.so
7f37896e8000-7f37896e9000 r--p 00006000 08:05 262295                     /lib/x86_64-linux-gnu/librt-2.23.so
7f37896e9000-7f37896ea000 rw-p 00007000 08:05 262295                     /lib/x86_64-linux-gnu/librt-2.23.so
7f37896ea000-7f37897f2000 r-xp 00000000 08:05 262277                     /lib/x86_64-linux-gnu/libm-2.23.so
7f37897f2000-7f37899f1000 ---p 00108000 08:05 262277                     /lib/x86_64-linux-gnu/libm-2.23.so
7f37899f1000-7f37899f2000 r--p 00107000 08:05 262277                     /lib/x86_64-linux-gnu/libm-2.23.so
7f37899f2000-7f37899f3000 rw-p 00108000 08:05 262277                     /lib/x86_64-linux-gnu/libm-2.23.so
7f37899f3000-7f378a6c2000 r-xp 00000000 08:05 152915                     /usr/lib/jvm/java-8-oracle/jre/lib/amd64/server/libjvm.so
7f378a6c2000-7f378a8c2000 ---p 00ccf000 08:05 152915                     /usr/lib/jvm/java-8-oracle/jre/lib/amd64/server/libjvm.so
7f378a8c2000-7f378a99b000 rw-p 00ccf000 08:05 152915                     /usr/lib/jvm/java-8-oracle/jre/lib/amd64/server/libjvm.so
7f378a99b000-7f378a9e6000 rw-p 00000000 00:00 0 
7f378a9e6000-7f378aba5000 r-xp 00000000 08:05 262282                     /lib/x86_64-linux-gnu/libc-2.23.so
7f378aba5000-7f378ada5000 ---p 001bf000 08:05 262282                     /lib/x86_64-linux-gnu/libc-2.23.so
7f378ada5000-7f378ada9000 r--p 001bf000 08:05 262282                     /lib/x86_64-linux-gnu/libc-2.23.so
7f378ada9000-7f378adab000 rw-p 001c3000 08:05 262282                     /lib/x86_64-linux-gnu/libc-2.23.so
7f378adab000-7f378adaf000 rw-p 00000000 00:00 0 
7f378adaf000-7f378adb2000 r-xp 00000000 08:05 262274                     /lib/x86_64-linux-gnu/libdl-2.23.so
7f378adb2000-7f378afb1000 ---p 00003000 08:05 262274                     /lib/x86_64-linux-gnu/libdl-2.23.so
7f378afb1000-7f378afb2000 r--p 00002000 08:05 262274                     /lib/x86_64-linux-gnu/libdl-2.23.so
7f378afb2000-7f378afb3000 rw-p 00003000 08:05 262274                     /lib/x86_64-linux-gnu/libdl-2.23.so
7f378afb3000-7f378afc8000 r-xp 00000000 08:05 152528                     /usr/lib/jvm/java-8-oracle/lib/amd64/jli/libjli.so
7f378afc8000-7f378b1c8000 ---p 00015000 08:05 152528                     /usr/lib/jvm/java-8-oracle/lib/amd64/jli/libjli.so
7f378b1c8000-7f378b1c9000 rw-p 00015000 08:05 152528                     /usr/lib/jvm/java-8-oracle/lib/amd64/jli/libjli.so
7f378b1c9000-7f378b1e1000 r-xp 00000000 08:05 280780                     /lib/x86_64-linux-gnu/libpthread-2.23.so
7f378b1e1000-7f378b3e0000 ---p 00018000 08:05 280780                     /lib/x86_64-linux-gnu/libpthread-2.23.so
7f378b3e0000-7f378b3e1000 r--p 00017000 08:05 280780                     /lib/x86_64-linux-gnu/libpthread-2.23.so
7f378b3e1000-7f378b3e2000 rw-p 00018000 08:05 280780                     /lib/x86_64-linux-gnu/libpthread-2.23.so
7f378b3e2000-7f378b3e6000 rw-p 00000000 00:00 0 
7f378b3e6000-7f378b40c000 r-xp 00000000 08:05 262283                     /lib/x86_64-linux-gnu/ld-2.23.so
7f378b40c000-7f378b414000 r--s 00045000 08:05 934617                     /home/mbahhalim/.p2/pool/plugins/org.junit_4.12.0.v201504281640/junit.jar
7f378b414000-7f378b4ea000 rw-p 00000000 00:00 0 
7f378b4ea000-7f378b4ed000 ---p 00000000 00:00 0 
7f378b4ed000-7f378b5eb000 rwxp 00000000 00:00 0 
7f378b5eb000-7f378b5ef000 rw-p 00000000 00:00 0 
7f378b5f0000-7f378b5fa000 r--s 00116000 08:05 152748                     /usr/lib/jvm/java-8-oracle/jre/lib/ext/localedata.jar
7f378b5fa000-7f378b5ff000 r--s 00055000 08:05 414154                     /home/mbahhalim/Downloads/portprog/opencv-3.2.0/release/bin/opencv-320.jar
7f378b5ff000-7f378b607000 rw-s 00000000 08:05 840741                     /tmp/hsperfdata_mbahhalim/5769
7f378b607000-7f378b608000 rw-p 00000000 00:00 0 
7f378b608000-7f378b609000 r--p 00000000 00:00 0 
7f378b609000-7f378b60b000 rw-p 00000000 00:00 0 
7f378b60b000-7f378b60c000 r--p 00025000 08:05 262283                     /lib/x86_64-linux-gnu/ld-2.23.so
7f378b60c000-7f378b60d000 rw-p 00026000 08:05 262283                     /lib/x86_64-linux-gnu/ld-2.23.so
7f378b60d000-7f378b60e000 rw-p 00000000 00:00 0 
7ffd9111c000-7ffd9113c000 rwxp 00000000 00:00 0                          [stack]
7ffd9113c000-7ffd9113d000 rw-p 00000000 00:00 0 
7ffd911f9000-7ffd911fb000 r--p 00000000 00:00 0                          [vvar]
7ffd911fb000-7ffd911fd000 r-xp 00000000 00:00 0                          [vdso]
ffffffffff600000-ffffffffff601000 r-xp 00000000 00:00 0                  [vsyscall]

VM Arguments:
jvm_args: -Djava.library.path=/home/mbahhalim/Downloads/portprog/opencv-3.2.0/release/lib -Dfile.encoding=UTF-8 
java_command: Main
java_class_path (initial): /home/mbahhalim/git/java-dip/java-dip/bin:/home/mbahhalim/Downloads/portprog/opencv-3.2.0/release/bin/opencv-320.jar:/home/mbahhalim/.p2/pool/plugins/org.junit_4.12.0.v201504281640/junit.jar:/home/mbahhalim/.p2/pool/plugins/org.hamcrest.core_1.3.0.v201303031735.jar
Launcher Type: SUN_STANDARD

Environment Variables:
JAVA_HOME=/usr/lib/jvm/java-8-oracle
PATH=/home/mbahhalim/bin:/home/mbahhalim/.local/bin:/usr/local/sbin:/usr/local/bin:/usr/sbin:/usr/bin:/sbin:/bin:/usr/games:/usr/local/games:/snap/bin:/usr/lib/jvm/java-8-oracle/bin:/usr/lib/jvm/java-8-oracle/db/bin:/usr/lib/jvm/java-8-oracle/jre/bin
SHELL=/bin/bash
DISPLAY=:0

Signal Handlers:
SIGSEGV: [libjvm.so+0xac8af0], sa_mask[0]=11111111011111111101111111111110, sa_flags=SA_RESTART|SA_SIGINFO
SIGBUS: [libjvm.so+0xac8af0], sa_mask[0]=11111111011111111101111111111110, sa_flags=SA_RESTART|SA_SIGINFO
SIGFPE: [libjvm.so+0x921dd0], sa_mask[0]=11111111011111111101111111111110, sa_flags=SA_RESTART|SA_SIGINFO
SIGPIPE: [libjvm.so+0x921dd0], sa_mask[0]=11111111011111111101111111111110, sa_flags=SA_RESTART|SA_SIGINFO
SIGXFSZ: [libjvm.so+0x921dd0], sa_mask[0]=11111111011111111101111111111110, sa_flags=SA_RESTART|SA_SIGINFO
SIGILL: [libjvm.so+0x921dd0], sa_mask[0]=11111111011111111101111111111110, sa_flags=SA_RESTART|SA_SIGINFO
SIGUSR1: SIG_DFL, sa_mask[0]=00000000000000000000000000000000, sa_flags=none
SIGUSR2: [libjvm.so+0x923610], sa_mask[0]=00100000000000000000000000000000, sa_flags=SA_RESTART|SA_SIGINFO
SIGHUP: [libjvm.so+0x924a10], sa_mask[0]=11111111011111111101111111111110, sa_flags=SA_RESTART|SA_SIGINFO
SIGINT: [libjvm.so+0x924a10], sa_mask[0]=11111111011111111101111111111110, sa_flags=SA_RESTART|SA_SIGINFO
SIGTERM: [libjvm.so+0x924a10], sa_mask[0]=11111111011111111101111111111110, sa_flags=SA_RESTART|SA_SIGINFO
SIGQUIT: [libjvm.so+0x924a10], sa_mask[0]=11111111011111111101111111111110, sa_flags=SA_RESTART|SA_SIGINFO


---------------  S Y S T E M  ---------------

OS:DISTRIB_ID=Ubuntu
DISTRIB_RELEASE=16.04
DISTRIB_CODENAME=xenial
DISTRIB_DESCRIPTION="Ubuntu 16.04.2 LTS"

uname:Linux 4.4.0-77-generic #98-Ubuntu SMP Wed Apr 26 08:34:02 UTC 2017 x86_64
libc:glibc 2.23 NPTL 2.23 
rlimit: STACK 8192k, CORE 0k, NPROC 13490, NOFILE 65536, AS infinity
load average:9,95 3,34 1,66

/proc/meminfo:
MemTotal:        3494148 kB
MemFree:          118140 kB
MemAvailable:     421116 kB
Buffers:           58084 kB
Cached:           725408 kB
SwapCached:        14140 kB
Active:          2175984 kB
Inactive:         936388 kB
Active(anon):    1834344 kB
Inactive(anon):   792160 kB
Active(file):     341640 kB
Inactive(file):   144228 kB
Unevictable:          96 kB
Mlocked:              96 kB
SwapTotal:       3631100 kB
SwapFree:        3608308 kB
Dirty:              2008 kB
Writeback:             0 kB
AnonPages:       2315160 kB
Mapped:           629344 kB
Shmem:            297608 kB
Slab:              76836 kB
SReclaimable:      38280 kB
SUnreclaim:        38556 kB
KernelStack:       11152 kB
PageTables:        46424 kB
NFS_Unstable:          0 kB
Bounce:                0 kB
WritebackTmp:          0 kB
CommitLimit:     5378172 kB
Committed_AS:    7344864 kB
VmallocTotal:   34359738367 kB
VmallocUsed:           0 kB
VmallocChunk:          0 kB
HardwareCorrupted:     0 kB
AnonHugePages:   1144832 kB
CmaTotal:              0 kB
CmaFree:               0 kB
HugePages_Total:       0
HugePages_Free:        0
HugePages_Rsvd:        0
HugePages_Surp:        0
Hugepagesize:       2048 kB
DirectMap4k:      551680 kB
DirectMap2M:     3082240 kB
DirectMap1G:           0 kB


CPU:total 4 (initial active 4) (4 cores per cpu, 1 threads per core) family 22 model 48 stepping 1, cmov, cx8, fxsr, mmx, sse, sse2, sse3, ssse3, sse4.1, sse4.2, popcnt, avx, aes, clmul, mmxext, 3dnowpref, lzcnt, sse4a, tsc, tscinvbit, tscinv, bmi1

/proc/cpuinfo:
processor	: 0
vendor_id	: AuthenticAMD
cpu family	: 22
model		: 48
model name	: AMD A8-6410 APU with AMD Radeon R5 Graphics
stepping	: 1
microcode	: 0x7030105
cpu MHz		: 1600.000
cache size	: 2048 KB
physical id	: 0
siblings	: 4
core id		: 0
cpu cores	: 4
apicid		: 0
initial apicid	: 0
fpu		: yes
fpu_exception	: yes
cpuid level	: 13
wp		: yes
flags		: fpu vme de pse tsc msr pae mce cx8 apic sep mtrr pge mca cmov pat pse36 clflush mmx fxsr sse sse2 ht syscall nx mmxext fxsr_opt pdpe1gb rdtscp lm constant_tsc rep_good nopl nonstop_tsc extd_apicid aperfmperf eagerfpu pni pclmulqdq monitor ssse3 cx16 sse4_1 sse4_2 movbe popcnt aes xsave avx f16c rdrand lahf_lm cmp_legacy svm extapic cr8_legacy abm sse4a misalignsse 3dnowprefetch osvw ibs skinit wdt topoext perfctr_nb bpext perfctr_l2 cpb hw_pstate vmmcall bmi1 xsaveopt arat npt lbrv svm_lock nrip_save tsc_scale flushbyasid decodeassists pausefilter pfthreshold
bugs		: fxsave_leak sysret_ss_attrs
bogomips	: 3992.57
TLB size	: 1024 4K pages
clflush size	: 64
cache_alignment	: 64
address sizes	: 40 bits physical, 48 bits virtual
power management: ts ttp tm 100mhzsteps hwpstate cpb [12] [13]

processor	: 1
vendor_id	: AuthenticAMD
cpu family	: 22
model		: 48
model name	: AMD A8-6410 APU with AMD Radeon R5 Graphics
stepping	: 1
microcode	: 0x7030105
cpu MHz		: 1400.000
cache size	: 2048 KB
physical id	: 0
siblings	: 4
core id		: 1
cpu cores	: 4
apicid		: 1
initial apicid	: 1
fpu		: yes
fpu_exception	: yes
cpuid level	: 13
wp		: yes
flags		: fpu vme de pse tsc msr pae mce cx8 apic sep mtrr pge mca cmov pat pse36 clflush mmx fxsr sse sse2 ht syscall nx mmxext fxsr_opt pdpe1gb rdtscp lm constant_tsc rep_good nopl nonstop_tsc extd_apicid aperfmperf eagerfpu pni pclmulqdq monitor ssse3 cx16 sse4_1 sse4_2 movbe popcnt aes xsave avx f16c rdrand lahf_lm cmp_legacy svm extapic cr8_legacy abm sse4a misalignsse 3dnowprefetch osvw ibs skinit wdt topoext perfctr_nb bpext perfctr_l2 cpb hw_pstate vmmcall bmi1 xsaveopt arat npt lbrv svm_lock nrip_save tsc_scale flushbyasid decodeassists pausefilter pfthreshold
bugs		: fxsave_leak sysret_ss_attrs
bogomips	: 3992.57
TLB size	: 1024 4K pages
clflush size	: 64
cache_alignment	: 64
address sizes	: 40 bits physical, 48 bits virtual
power management: ts ttp tm 100mhzsteps hwpstate cpb [12] [13]

processor	: 2
vendor_id	: AuthenticAMD
cpu family	: 22
model		: 48
model name	: AMD A8-6410 APU with AMD Radeon R5 Graphics
stepping	: 1
microcode	: 0x7030105
cpu MHz		: 2000.000
cache size	: 2048 KB
physical id	: 0
siblings	: 4
core id		: 2
cpu cores	: 4
apicid		: 2
initial apicid	: 2
fpu		: yes
fpu_exception	: yes
cpuid level	: 13
wp		: yes
flags		: fpu vme de pse tsc msr pae mce cx8 apic sep mtrr pge mca cmov pat pse36 clflush mmx fxsr sse sse2 ht syscall nx mmxext fxsr_opt pdpe1gb rdtscp lm constant_tsc rep_good nopl nonstop_tsc extd_apicid aperfmperf eagerfpu pni pclmulqdq monitor ssse3 cx16 sse4_1 sse4_2 movbe popcnt aes xsave avx f16c rdrand lahf_lm cmp_legacy svm extapic cr8_legacy abm sse4a misalignsse 3dnowprefetch osvw ibs skinit wdt topoext perfctr_nb bpext perfctr_l2 cpb hw_pstate vmmcall bmi1 xsaveopt arat npt lbrv svm_lock nrip_save tsc_scale flushbyasid decodeassists pausefilter pfthreshold
bugs		: fxsave_leak sysret_ss_attrs
bogomips	: 3992.57
TLB size	: 1024 4K pages
clflush size	: 64
cache_alignment	: 64
address sizes	: 40 bits physical, 48 bits virtual
power management: ts ttp tm 100mhzsteps hwpstate cpb [12] [13]

processor	: 3
vendor_id	: AuthenticAMD
cpu family	: 22
model		: 48
model name	: AMD A8-6410 APU with AMD Radeon R5 Graphics
stepping	: 1
microcode	: 0x7030105
cpu MHz		: 1400.000
cache size	: 2048 KB
physical id	: 0
siblings	: 4
core id		: 3
cpu cores	: 4
apicid		: 3
initial apicid	: 3
fpu		: yes
fpu_exception	: yes
cpuid level	: 13
wp		: yes
flags		: fpu vme de pse tsc msr pae mce cx8 apic sep mtrr pge mca cmov pat pse36 clflush mmx fxsr sse sse2 ht syscall nx mmxext fxsr_opt pdpe1gb rdtscp lm constant_tsc rep_good nopl nonstop_tsc extd_apicid aperfmperf eagerfpu pni pclmulqdq monitor ssse3 cx16 sse4_1 sse4_2 movbe popcnt aes xsave avx f16c rdrand lahf_lm cmp_legacy svm extapic cr8_legacy abm sse4a misalignsse 3dnowprefetch osvw ibs skinit wdt topoext perfctr_nb bpext perfctr_l2 cpb hw_pstate vmmcall bmi1 xsaveopt arat npt lbrv svm_lock nrip_save tsc_scale flushbyasid decodeassists pausefilter pfthreshold
bugs		: fxsave_leak sysret_ss_attrs
bogomips	: 3992.57
TLB size	: 1024 4K pages
clflush size	: 64
cache_alignment	: 64
address sizes	: 40 bits physical, 48 bits virtual
power management: ts ttp tm 100mhzsteps hwpstate cpb [12] [13]



Memory: 4k page, physical 3494148k(118140k free), swap 3631100k(3608308k free)

vm_info: Java HotSpot(TM) 64-Bit Server VM (25.131-b11) for linux-amd64 JRE (1.8.0_131-b11), built on Mar 15 2017 01:23:40 by "java_re" with gcc 4.3.0 20080428 (Red Hat 4.3.0-8)

time: Thu Jun  1 12:11:39 2017
elapsed time: 11 seconds (0d 0h 0m 11s)

